<?xml version="1.0" encoding="UTF-8"?>
<!-- Generated by org.testng.reporters.JUnitXMLReporter -->
<testsuite ignored="0" hostname="ATMECSINLT-038" failures="0" tests="5" name="sortingFunctionalityTest" time="30.544" errors="0" timestamp="07 Oct 2019 07:12:46 GMT">
  <testcase classname="com.atmecs.testScripts.HeroImageProducttestscripts" name="homePageRedirection" time="0.021"/>
  <testcase classname="com.atmecs.testScripts.HeroImageProducttestscripts" name="validateContents" time="5.493"/>
  <testcase classname="com.atmecs.testScripts.HeroImageProducttestscripts" name="validateSortingFunctionality" time="0.305"/>
  <testcase classname="com.atmecs.testScripts.HeroImageProducttestscripts" name="validateSortingByDate" time="3.799"/>
  <testcase classname="com.atmecs.testScripts.HeroImageProducttestscripts" name="validateSortingByRating" time="5.262"/>
</testsuite> <!-- sortingFunctionalityTest -->
