<?xml version="1.0" encoding="UTF-8"?>
<!-- Generated by org.testng.reporters.JUnitXMLReporter -->
<testsuite ignored="0" hostname="ATMECSINLT-038" failures="5" tests="7" name="PricesortingFunctionalityTest" time="33.765" errors="0" timestamp="07 Oct 2019 15:08:46 GMT">
  <testcase classname="com.atmecs.testScripts.HomePageComputerPeripherals" name="validateMessage" time="1.71"/>
  <testcase classname="com.atmecs.testScripts.HomePageComputerPeripherals" name="validateProductAvilability" time="3.124"/>
  <testcase classname="com.atmecs.testScripts.HomePageComputerPeripherals" name="validatePricingSortingFunctionality" time="3.368">
    <failure type="org.openqa.selenium.NoSuchSessionException" message="Session ID is null. Using WebDriver after calling quit()?
Build info: version: &amp;apos;3.141.59&amp;apos;, revision: &amp;apos;e82be7d358&amp;apos;, time: &amp;apos;2018-11-14T08:17:03&amp;apos;
System info: host: &amp;apos;ATMECSINLT-038&amp;apos;, ip: &amp;apos;55.55.52.193&amp;apos;, os.name: &amp;apos;Windows 10&amp;apos;, os.arch: &amp;apos;amd64&amp;apos;, os.version: &amp;apos;10.0&amp;apos;, java.version: &amp;apos;12.0.1&amp;apos;
Driver info: driver.version: RemoteWebDriver">
      <![CDATA[org.openqa.selenium.NoSuchSessionException: Session ID is null. Using WebDriver after calling quit()?
Build info: version: '3.141.59', revision: 'e82be7d358', time: '2018-11-14T08:17:03'
System info: host: 'ATMECSINLT-038', ip: '55.55.52.193', os.name: 'Windows 10', os.arch: 'amd64', os.version: '10.0', java.version: '12.0.1'
Driver info: driver.version: RemoteWebDriver
at org.openqa.selenium.remote.HttpCommandExecutor.execute(HttpCommandExecutor.java:125)
at org.openqa.selenium.remote.service.DriverCommandExecutor.execute(DriverCommandExecutor.java:83)
at org.openqa.selenium.remote.RemoteWebDriver.execute(RemoteWebDriver.java:552)
at org.openqa.selenium.remote.RemoteWebDriver.perform(RemoteWebDriver.java:618)
at org.openqa.selenium.interactions.Actions$BuiltAction.perform(Actions.java:639)
at com.atmecs.helpers.WebUtility.scrollBySpacebar(WebUtility.java:329)
at com.atmecs.testflow.HomePageComputerPeripheralsFlow.selectPricing(HomePageComputerPeripheralsFlow.java:15)
at com.atmecs.testScripts.HomePageComputerPeripherals.validatePricingSortingFunctionality(HomePageComputerPeripherals.java:74)
... Removed 25 stack frames]]>
    </failure>
  </testcase> <!-- validatePricingSortingFunctionality -->
  <testcase classname="com.atmecs.testScripts.HomePageComputerPeripherals" name="validatePricingSortingFunctionality" time="1.566">
    <failure type="org.openqa.selenium.NoSuchSessionException" message="Session ID is null. Using WebDriver after calling quit()?
Build info: version: &amp;apos;3.141.59&amp;apos;, revision: &amp;apos;e82be7d358&amp;apos;, time: &amp;apos;2018-11-14T08:17:03&amp;apos;
System info: host: &amp;apos;ATMECSINLT-038&amp;apos;, ip: &amp;apos;55.55.52.193&amp;apos;, os.name: &amp;apos;Windows 10&amp;apos;, os.arch: &amp;apos;amd64&amp;apos;, os.version: &amp;apos;10.0&amp;apos;, java.version: &amp;apos;12.0.1&amp;apos;
Driver info: driver.version: RemoteWebDriver">
      <![CDATA[org.openqa.selenium.NoSuchSessionException: Session ID is null. Using WebDriver after calling quit()?
Build info: version: '3.141.59', revision: 'e82be7d358', time: '2018-11-14T08:17:03'
System info: host: 'ATMECSINLT-038', ip: '55.55.52.193', os.name: 'Windows 10', os.arch: 'amd64', os.version: '10.0', java.version: '12.0.1'
Driver info: driver.version: RemoteWebDriver
at org.openqa.selenium.remote.HttpCommandExecutor.execute(HttpCommandExecutor.java:125)
at org.openqa.selenium.remote.service.DriverCommandExecutor.execute(DriverCommandExecutor.java:83)
at org.openqa.selenium.remote.RemoteWebDriver.execute(RemoteWebDriver.java:552)
at org.openqa.selenium.remote.RemoteWebDriver.perform(RemoteWebDriver.java:618)
at org.openqa.selenium.interactions.Actions$BuiltAction.perform(Actions.java:639)
at com.atmecs.helpers.WebUtility.scrollBySpacebar(WebUtility.java:329)
at com.atmecs.testflow.HomePageComputerPeripheralsFlow.selectPricing(HomePageComputerPeripheralsFlow.java:15)
at com.atmecs.testScripts.HomePageComputerPeripherals.validatePricingSortingFunctionality(HomePageComputerPeripherals.java:74)
... Removed 25 stack frames]]>
    </failure>
  </testcase> <!-- validatePricingSortingFunctionality -->
  <testcase classname="com.atmecs.testScripts.HomePageComputerPeripherals" name="validatePricingSortingFunctionality" time="1.611">
    <failure type="org.openqa.selenium.NoSuchSessionException" message="Session ID is null. Using WebDriver after calling quit()?
Build info: version: &amp;apos;3.141.59&amp;apos;, revision: &amp;apos;e82be7d358&amp;apos;, time: &amp;apos;2018-11-14T08:17:03&amp;apos;
System info: host: &amp;apos;ATMECSINLT-038&amp;apos;, ip: &amp;apos;55.55.52.193&amp;apos;, os.name: &amp;apos;Windows 10&amp;apos;, os.arch: &amp;apos;amd64&amp;apos;, os.version: &amp;apos;10.0&amp;apos;, java.version: &amp;apos;12.0.1&amp;apos;
Driver info: driver.version: RemoteWebDriver">
      <![CDATA[org.openqa.selenium.NoSuchSessionException: Session ID is null. Using WebDriver after calling quit()?
Build info: version: '3.141.59', revision: 'e82be7d358', time: '2018-11-14T08:17:03'
System info: host: 'ATMECSINLT-038', ip: '55.55.52.193', os.name: 'Windows 10', os.arch: 'amd64', os.version: '10.0', java.version: '12.0.1'
Driver info: driver.version: RemoteWebDriver
at org.openqa.selenium.remote.HttpCommandExecutor.execute(HttpCommandExecutor.java:125)
at org.openqa.selenium.remote.service.DriverCommandExecutor.execute(DriverCommandExecutor.java:83)
at org.openqa.selenium.remote.RemoteWebDriver.execute(RemoteWebDriver.java:552)
at org.openqa.selenium.remote.RemoteWebDriver.perform(RemoteWebDriver.java:618)
at org.openqa.selenium.interactions.Actions$BuiltAction.perform(Actions.java:639)
at com.atmecs.helpers.WebUtility.scrollBySpacebar(WebUtility.java:329)
at com.atmecs.testflow.HomePageComputerPeripheralsFlow.selectPricing(HomePageComputerPeripheralsFlow.java:15)
at com.atmecs.testScripts.HomePageComputerPeripherals.validatePricingSortingFunctionality(HomePageComputerPeripherals.java:74)
... Removed 25 stack frames]]>
    </failure>
  </testcase> <!-- validatePricingSortingFunctionality -->
  <testcase classname="com.atmecs.testScripts.HomePageComputerPeripherals" name="validatePricingSortingFunctionality" time="2.089">
    <failure type="org.openqa.selenium.NoSuchSessionException" message="Session ID is null. Using WebDriver after calling quit()?
Build info: version: &amp;apos;3.141.59&amp;apos;, revision: &amp;apos;e82be7d358&amp;apos;, time: &amp;apos;2018-11-14T08:17:03&amp;apos;
System info: host: &amp;apos;ATMECSINLT-038&amp;apos;, ip: &amp;apos;55.55.52.193&amp;apos;, os.name: &amp;apos;Windows 10&amp;apos;, os.arch: &amp;apos;amd64&amp;apos;, os.version: &amp;apos;10.0&amp;apos;, java.version: &amp;apos;12.0.1&amp;apos;
Driver info: driver.version: RemoteWebDriver">
      <![CDATA[org.openqa.selenium.NoSuchSessionException: Session ID is null. Using WebDriver after calling quit()?
Build info: version: '3.141.59', revision: 'e82be7d358', time: '2018-11-14T08:17:03'
System info: host: 'ATMECSINLT-038', ip: '55.55.52.193', os.name: 'Windows 10', os.arch: 'amd64', os.version: '10.0', java.version: '12.0.1'
Driver info: driver.version: RemoteWebDriver
at org.openqa.selenium.remote.HttpCommandExecutor.execute(HttpCommandExecutor.java:125)
at org.openqa.selenium.remote.service.DriverCommandExecutor.execute(DriverCommandExecutor.java:83)
at org.openqa.selenium.remote.RemoteWebDriver.execute(RemoteWebDriver.java:552)
at org.openqa.selenium.remote.RemoteWebDriver.perform(RemoteWebDriver.java:618)
at org.openqa.selenium.interactions.Actions$BuiltAction.perform(Actions.java:639)
at com.atmecs.helpers.WebUtility.scrollBySpacebar(WebUtility.java:329)
at com.atmecs.testflow.HomePageComputerPeripheralsFlow.selectPricing(HomePageComputerPeripheralsFlow.java:15)
at com.atmecs.testScripts.HomePageComputerPeripherals.validatePricingSortingFunctionality(HomePageComputerPeripherals.java:74)
... Removed 25 stack frames]]>
    </failure>
  </testcase> <!-- validatePricingSortingFunctionality -->
  <testcase classname="com.atmecs.testScripts.HomePageComputerPeripherals" name="validatePricingSortingFunctionality" time="1.866">
    <failure type="org.openqa.selenium.NoSuchSessionException" message="Session ID is null. Using WebDriver after calling quit()?
Build info: version: &amp;apos;3.141.59&amp;apos;, revision: &amp;apos;e82be7d358&amp;apos;, time: &amp;apos;2018-11-14T08:17:03&amp;apos;
System info: host: &amp;apos;ATMECSINLT-038&amp;apos;, ip: &amp;apos;55.55.52.193&amp;apos;, os.name: &amp;apos;Windows 10&amp;apos;, os.arch: &amp;apos;amd64&amp;apos;, os.version: &amp;apos;10.0&amp;apos;, java.version: &amp;apos;12.0.1&amp;apos;
Driver info: driver.version: RemoteWebDriver">
      <![CDATA[org.openqa.selenium.NoSuchSessionException: Session ID is null. Using WebDriver after calling quit()?
Build info: version: '3.141.59', revision: 'e82be7d358', time: '2018-11-14T08:17:03'
System info: host: 'ATMECSINLT-038', ip: '55.55.52.193', os.name: 'Windows 10', os.arch: 'amd64', os.version: '10.0', java.version: '12.0.1'
Driver info: driver.version: RemoteWebDriver
at org.openqa.selenium.remote.HttpCommandExecutor.execute(HttpCommandExecutor.java:125)
at org.openqa.selenium.remote.service.DriverCommandExecutor.execute(DriverCommandExecutor.java:83)
at org.openqa.selenium.remote.RemoteWebDriver.execute(RemoteWebDriver.java:552)
at org.openqa.selenium.remote.RemoteWebDriver.perform(RemoteWebDriver.java:618)
at org.openqa.selenium.interactions.Actions$BuiltAction.perform(Actions.java:639)
at com.atmecs.helpers.WebUtility.scrollBySpacebar(WebUtility.java:329)
at com.atmecs.testflow.HomePageComputerPeripheralsFlow.selectPricing(HomePageComputerPeripheralsFlow.java:15)
at com.atmecs.testScripts.HomePageComputerPeripherals.validatePricingSortingFunctionality(HomePageComputerPeripherals.java:74)
... Removed 25 stack frames]]>
    </failure>
  </testcase> <!-- validatePricingSortingFunctionality -->
</testsuite> <!-- PricesortingFunctionalityTest -->
