<?xml version="1.0" encoding="UTF-8"?>
<!-- Generated by org.testng.reporters.JUnitXMLReporter -->
<testsuite ignored="0" hostname="ATMECSINLT-038" failures="0" tests="5" name="sortingFunctionalityTest" time="30.923" errors="0" timestamp="07 Oct 2019 15:08:13 GMT">
  <testcase classname="com.atmecs.testScripts.HeroImageProducttestscripts" name="homePageRedirection" time="0.034"/>
  <testcase classname="com.atmecs.testScripts.HeroImageProducttestscripts" name="validateContents" time="5.962"/>
  <testcase classname="com.atmecs.testScripts.HeroImageProducttestscripts" name="validateSortingFunctionality" time="0.124"/>
  <testcase classname="com.atmecs.testScripts.HeroImageProducttestscripts" name="validateSortingByDate" time="3.308"/>
  <testcase classname="com.atmecs.testScripts.HeroImageProducttestscripts" name="validateSortingByRating" time="4.771"/>
</testsuite> <!-- sortingFunctionalityTest -->
