<?xml version="1.0" encoding="UTF-8"?>
<!-- Generated by org.testng.reporters.JUnitXMLReporter -->
<testsuite ignored="0" hostname="ATMECSINLT-038" failures="4" tests="5" name="sortingFunctionalityTest" time="51.851" errors="0" timestamp="04 Oct 2019 15:12:53 GMT">
  <testcase classname="com.atmecs.testScripts.HeroImageProducttestscripts" name="homePageRedirection" time="0.039"/>
  <testcase classname="com.atmecs.testScripts.HeroImageProducttestscripts" name="validateContents" time="12.174">
    <failure type="org.openqa.selenium.NoSuchElementException" message="Unable to find element with xpath == (//p[@style=&amp;apos;clear:both&amp;apos;])[1]
For documentation on this error, please visit: https://www.seleniumhq.org/exceptions/no_such_element.html
Build info: version: &amp;apos;3.141.59&amp;apos;, revision: &amp;apos;e82be7d358&amp;apos;, time: &amp;apos;2018-11-14T08:17:03&amp;apos;
System info: host: &amp;apos;ATMECSINLT-038&amp;apos;, ip: &amp;apos;55.55.52.193&amp;apos;, os.name: &amp;apos;Windows 10&amp;apos;, os.arch: &amp;apos;amd64&amp;apos;, os.version: &amp;apos;10.0&amp;apos;, java.version: &amp;apos;12.0.1&amp;apos;
Driver info: org.openqa.selenium.ie.InternetExplorerDriver
Capabilities {acceptInsecureCerts: false, browserName: internet explorer, browserVersion: 11, javascriptEnabled: true, pageLoadStrategy: normal, platform: WINDOWS, platformName: WINDOWS, proxy: Proxy(), se:ieOptions: {browserAttachTimeout: 0, elementScrollBehavior: 0, enablePersistentHover: true, ie.browserCommandLineSwitches: , ie.ensureCleanSession: false, ie.fileUploadDialogTimeout: 3000, ie.forceCreateProcessApi: false, ignoreProtectedModeSettings: false, ignoreZoomSetting: false, initialBrowserUrl: https://www.konakart.com/ko..., nativeEvents: true, requireWindowFocus: false}, setWindowRect: true, timeouts: {implicit: 0, pageLoad: 300000, script: 30000}}
Session ID: de3cf29a-0f88-4ca3-b84e-172fa00b31af
*** Element info: {Using=xpath, value=(//p[@style=&amp;apos;clear:both&amp;apos;])[1]}">
      <![CDATA[org.openqa.selenium.NoSuchElementException: Unable to find element with xpath == (//p[@style='clear:both'])[1]
For documentation on this error, please visit: https://www.seleniumhq.org/exceptions/no_such_element.html
Build info: version: '3.141.59', revision: 'e82be7d358', time: '2018-11-14T08:17:03'
System info: host: 'ATMECSINLT-038', ip: '55.55.52.193', os.name: 'Windows 10', os.arch: 'amd64', os.version: '10.0', java.version: '12.0.1'
Driver info: org.openqa.selenium.ie.InternetExplorerDriver
Capabilities {acceptInsecureCerts: false, browserName: internet explorer, browserVersion: 11, javascriptEnabled: true, pageLoadStrategy: normal, platform: WINDOWS, platformName: WINDOWS, proxy: Proxy(), se:ieOptions: {browserAttachTimeout: 0, elementScrollBehavior: 0, enablePersistentHover: true, ie.browserCommandLineSwitches: , ie.ensureCleanSession: false, ie.fileUploadDialogTimeout: 3000, ie.forceCreateProcessApi: false, ignoreProtectedModeSettings: false, ignoreZoomSetting: false, initialBrowserUrl: https://www.konakart.com/ko..., nativeEvents: true, requireWindowFocus: false}, setWindowRect: true, timeouts: {implicit: 0, pageLoad: 300000, script: 30000}}
Session ID: de3cf29a-0f88-4ca3-b84e-172fa00b31af
*** Element info: {Using=xpath, value=(//p[@style='clear:both'])[1]}
at org.openqa.selenium.remote.http.W3CHttpResponseCodec.createException(W3CHttpResponseCodec.java:187)
at org.openqa.selenium.remote.http.W3CHttpResponseCodec.decode(W3CHttpResponseCodec.java:122)
at org.openqa.selenium.remote.http.W3CHttpResponseCodec.decode(W3CHttpResponseCodec.java:49)
at org.openqa.selenium.remote.HttpCommandExecutor.execute(HttpCommandExecutor.java:158)
at org.openqa.selenium.remote.service.DriverCommandExecutor.execute(DriverCommandExecutor.java:83)
at org.openqa.selenium.remote.RemoteWebDriver.execute(RemoteWebDriver.java:552)
at org.openqa.selenium.remote.RemoteWebDriver.findElement(RemoteWebDriver.java:323)
at org.openqa.selenium.remote.RemoteWebDriver.findElementByXPath(RemoteWebDriver.java:428)
at org.openqa.selenium.By$ByXPath.findElement(By.java:353)
at org.openqa.selenium.remote.RemoteWebDriver.findElement(RemoteWebDriver.java:315)
at com.atmecs.helpers.WebUtility.getText(WebUtility.java:98)
at com.atmecs.pages.HeroImageProductValidation.validateDescriptionContent(HeroImageProductValidation.java:34)
at com.atmecs.testScripts.HeroImageProducttestscripts.validateContents(HeroImageProducttestscripts.java:45)
... Removed 30 stack frames]]>
    </failure>
  </testcase> <!-- validateContents -->
  <testcase classname="com.atmecs.testScripts.HeroImageProducttestscripts" name="validateSortingFunctionality" time="31.362">
    <failure type="org.openqa.selenium.TimeoutException" message="Expected condition failed: waiting for com.atmecs.helpers.WebUtility$1@476e8796 (tried for 30 second(s) with 2000 milliseconds interval)">
      <![CDATA[org.openqa.selenium.TimeoutException: Expected condition failed: waiting for com.atmecs.helpers.WebUtility$1@476e8796 (tried for 30 second(s) with 2000 milliseconds interval)
at org.openqa.selenium.support.ui.FluentWait.timeoutException(FluentWait.java:304)
at org.openqa.selenium.support.ui.FluentWait.until(FluentWait.java:272)
at com.atmecs.helpers.WebUtility.clickElement(WebUtility.java:41)
at com.atmecs.testflow.HeroImageProductPageFlow.clickCustomerReviews(HeroImageProductPageFlow.java:33)
at com.atmecs.testScripts.HeroImageProducttestscripts.validateSortingFunctionality(HeroImageProducttestscripts.java:61)
Caused by: org.openqa.selenium.ElementClickInterceptedException: Element not clickable at point (545,16). Other element would receive the click: <div id="top-bar">
  <div id="search-container">
  <div class="top-bar-menu-item" id="top-bar-search">
  <span title="Search" class="fa fa-search top-bar-menu-icon" id="open-search"></span> 
</div>
</div>
<div id="selections-container">
<div id="selections">
  <div class="top-bar-menu-item" id="language-selector">
  <form action="SetLocale.action" method="post">  
  <input name="xsrf_token" type="hidden" value="null">
<select name="locale" id="lang-select" style="display: none;" onchange="submit()">
<option selected="selected" value="en_GB" data-icon="flag flag-en-GB">English</option>
<option value="de_DE" data-icon="flag flag-de-DE">Deutsch</option>
<option value="es_ES" data-icon="flag flag-es-ES">Español</option>
<option value="pt_BR" data-icon="flag flag-pt-BR">Português</option>
</select><span class="selectboxit-container" id="lang-selectSelectBoxItContainer"><span tabindex="0" class="selectboxit undefined selectboxit-btn" id="lang-selectSelectBoxIt" role="combobox" aria-expanded="false" aria-activedescendant="0" aria-owns="lang-selectSelectBoxItOptions" aria-live="assertive" aria-autocomplete="list" aria-label="" unselectable="on" name="locale"><span class="selectboxit-option-icon-container"><i class="selectboxit-default-icon selectboxit-option-icon flag flag-en-GB selectboxit-container" id="lang-selectSelectBoxItDefaultIcon" unselectable="on"></i></span><span class="selectboxit-text" id="lang-selectSelectBoxItText" style="max-width: 81px;" unselectable="on" data-val="en_GB">English</span><span class="selectboxit-arrow-container" id="lang-selectSelectBoxItArrowContainer" unselectable="on"><i class="selectboxit-arrow selectboxit-down-arrow" id="lang-selectSelectBoxItArrow" unselectable="on"></i></span></span><ul tabindex="-1" class="selectboxit-options selectboxit-list" id="lang-selectSelectBoxItOptions" role="listbox" aria-hidden="true"><li class="selectboxit-option selectboxit-option-first selectboxit-selected" id="0" role="option" data-icon="flag flag-en-GB" data-val="en_GB" data-disabled="false"><a class="selectboxit-option-anchor"><span class="selectboxit-option-icon-container"><i class="selectboxit-option-icon flag flag-en-GB selectboxit-container"></i></span>English</a></li><li class="selectboxit-option" id="1" role="option" data-icon="flag flag-de-DE" data-val="de_DE" data-disabled="false"><a class="selectboxit-option-anchor"><span class="selectboxit-option-icon-container"><i class="selectboxit-option-icon flag flag-de-DE selectboxit-container"></i></span>Deutsch</a></li><li class="selectboxit-option" id="2" role="option" data-icon="flag flag-es-ES" data-val="es_ES" data-disabled="false"><a class="selectboxit-option-anchor"><span class="selectboxit-option-icon-container"><i class="selectboxit-option-icon flag flag-es-ES selectboxit-container"></i></span>Español</a></li><li class="selectboxit-option selectboxit-option-last" id="3" role="option" data-icon="flag flag-pt-BR" data-val="pt_BR" data-disabled="false"><a class="selectboxit-option-anchor"><span class="selectboxit-option-icon-container"><i class="selectboxit-option-icon flag flag-pt-BR selectboxit-container"></i></span>Português</a></li></ul></span>
</form>
  </div>
  <div class="top-bar-menu-item" id="currency-selector">
<form action="SelectCurrency.action" method="post">  
<input name="xsrf_token" type="hidden" value="null">
<select name="currencyCode" id="currency-select" style="display: none;" onchange="submit()">



<option value="USD">US $</option>




<option value="EUR">EUR </option>


</select><span class="selectboxit-container" id="currency-selectSelectBoxItContainer"><span tabindex="0" class="selectboxit undefined selectboxit-btn" id="currency-selectSelectBoxIt" role="combobox" aria-expanded="false" aria-activedescendant="0" aria-owns="currency-selectSelectBoxItOptions" aria-live="assertive" aria-autocomplete="list" aria-label="" unselectable="on" name="currencyCode"><span class="selectboxit-text" id="currency-selectSelectBoxItText" style="max-width: 85px;" unselectable="on" data-val="USD">US $</span><span class="selectboxit-arrow-container" id="currency-selectSelectBoxItArrowContainer" unselectable="on"><i class="selectboxit-arrow selectboxit-down-arrow" id="currency-selectSelectBoxItArrow" unselectable="on"></i></span></span><ul tabindex="-1" class="selectboxit-options selectboxit-list" id="currency-selectSelectBoxItOptions" role="listbox" aria-hidden="true"><li class="selectboxit-option selectboxit-option-first selectboxit-selected" id="0" role="option" data-val="USD" data-disabled="false"><a class="selectboxit-option-anchor"><span class="selectboxit-option-icon-container"><i class="selectboxit-option-icon  selectboxit-container"></i></span>US $</a></li><li class="selectboxit-option selectboxit-option-last" id="1" role="option" data-val="EUR" data-disabled="false"><a class="selectboxit-option-anchor"><span class="selectboxit-option-icon-container"><i class="selectboxit-option-icon  selectboxit-container"></i></span>EUR </a></li></ul></span>
</form>  
  </div>
  </div>
  </div>
 <div id="options-container">
  <div id="options">

    
  <div class="top-bar-menu-item" id="my-account">
  <span class="fa fa-user top-bar-menu-icon"><a title="My Account" href="LogIn.action"></a></span>  
  <span class="top-bar-menu-title"><a href="LogIn.action">My Account</a></span>
  
  </div>
  

  <div class="top-bar-menu-item" id="gift-registry">  
  <span class="fa fa-gift top-bar-menu-icon"><a title="Gift Registries" class="header2-top" href="GiftRegistrySearch.action"></a></span> 
  <span class="top-bar-menu-title"><a class="header2-top" href="GiftRegistrySearch.action">Gift Registries</a></span> 
  </div>


  <div class="top-bar-menu-item" id="wish-list">
  <span title="Wish List" class="fa fa-heart-o top-bar-menu-icon"><span id="wishlist-items"></span></span>  
  <span class="top-bar-menu-title">Wish List<span id="wishlist-items"> </span></span>
   
   <div id="wish-list-container" style="display: none;">
   <div class="slide-out-shadow" id="wish-list-mouseover-shadow" style="right: 73.81px;"></div>
  <div class="slide-out-contents shadow" id="wish-list-contents" style="right: 76.81px;">  
  
  Your Wish List is empty
      
  </div>
</div> 
</div>

<div class="top-bar-menu-item" id="shopping-cart">
<span title="Shopping Cart" class="fa fa-shopping-cart top-bar-menu-icon"><span id="basket-items"></span></span>  
  <span class="shopping-cart-title top-bar-menu-title">Shopping Cart<span id="basket-items"> </span></span>
  
  
  
    <div id="shopping-cart-container">
  <div class="slide-out-shadow" id="shopping-cart-mouseover-shadow"></div>
  <div class="slide-out-contents shadow" id="shopping-cart-contents">

Your Shopping Cart is empty
  
  </div>
</div>
</div>
</div>
</div>
  </div>
Build info: version: '3.141.59', revision: 'e82be7d358', time: '2018-11-14T08:17:03'
System info: host: 'ATMECSINLT-038', ip: '55.55.52.193', os.name: 'Windows 10', os.arch: 'amd64', os.version: '10.0', java.version: '12.0.1'
Driver info: org.openqa.selenium.ie.InternetExplorerDriver
Capabilities {acceptInsecureCerts: false, browserName: internet explorer, browserVersion: 11, javascriptEnabled: true, pageLoadStrategy: normal, platform: WINDOWS, platformName: WINDOWS, proxy: Proxy(), se:ieOptions: {browserAttachTimeout: 0, elementScrollBehavior: 0, enablePersistentHover: true, ie.browserCommandLineSwitches: , ie.ensureCleanSession: false, ie.fileUploadDialogTimeout: 3000, ie.forceCreateProcessApi: false, ignoreProtectedModeSettings: false, ignoreZoomSetting: false, initialBrowserUrl: https://www.konakart.com/ko..., nativeEvents: true, requireWindowFocus: false}, setWindowRect: true, timeouts: {implicit: 0, pageLoad: 300000, script: 30000}}
Session ID: de3cf29a-0f88-4ca3-b84e-172fa00b31af
at org.openqa.selenium.remote.http.W3CHttpResponseCodec.createException(W3CHttpResponseCodec.java:187)
at org.openqa.selenium.remote.http.W3CHttpResponseCodec.decode(W3CHttpResponseCodec.java:122)
at org.openqa.selenium.remote.http.W3CHttpResponseCodec.decode(W3CHttpResponseCodec.java:49)
at org.openqa.selenium.remote.HttpCommandExecutor.execute(HttpCommandExecutor.java:158)
at org.openqa.selenium.remote.service.DriverCommandExecutor.execute(DriverCommandExecutor.java:83)
at org.openqa.selenium.remote.RemoteWebDriver.execute(RemoteWebDriver.java:552)
at org.openqa.selenium.remote.RemoteWebElement.execute(RemoteWebElement.java:285)
at org.openqa.selenium.remote.RemoteWebElement.click(RemoteWebElement.java:84)
at com.atmecs.helpers.WebUtility$1.apply(WebUtility.java:44)
at com.atmecs.helpers.WebUtility$1.apply(WebUtility.java:1)
at org.openqa.selenium.support.ui.FluentWait.until(FluentWait.java:249)
... 28 more
... Removed 30 stack frames]]>
    </failure>
  </testcase> <!-- validateSortingFunctionality -->
  <testcase classname="com.atmecs.testScripts.HeroImageProducttestscripts" name="validateSortingByDate" time="1.859">
    <failure type="java.lang.ArrayIndexOutOfBoundsException" message="Index 1 out of bounds for length 1">
      <![CDATA[java.lang.ArrayIndexOutOfBoundsException: Index 1 out of bounds for length 1
at com.atmecs.pages.HeroImageProductValidation.validateDate(HeroImageProductValidation.java:64)
at com.atmecs.testScripts.HeroImageProducttestscripts.validateSortingByDate(HeroImageProducttestscripts.java:75)
... Removed 25 stack frames]]>
    </failure>
  </testcase> <!-- validateSortingByDate -->
  <testcase classname="com.atmecs.testScripts.HeroImageProducttestscripts" name="validateSortingByRating" time="1.439">
    <failure type="org.openqa.selenium.JavascriptException" message="Cannot click on option element. Executing JavaScript click function returned an unexpected error, but no error could be returned from Internet Explorer&amp;apos;s JavaScript engine.
Build info: version: &amp;apos;3.141.59&amp;apos;, revision: &amp;apos;e82be7d358&amp;apos;, time: &amp;apos;2018-11-14T08:17:03&amp;apos;
System info: host: &amp;apos;ATMECSINLT-038&amp;apos;, ip: &amp;apos;55.55.52.193&amp;apos;, os.name: &amp;apos;Windows 10&amp;apos;, os.arch: &amp;apos;amd64&amp;apos;, os.version: &amp;apos;10.0&amp;apos;, java.version: &amp;apos;12.0.1&amp;apos;
Driver info: org.openqa.selenium.ie.InternetExplorerDriver
Capabilities {acceptInsecureCerts: false, browserName: internet explorer, browserVersion: 11, javascriptEnabled: true, pageLoadStrategy: normal, platform: WINDOWS, platformName: WINDOWS, proxy: Proxy(), se:ieOptions: {browserAttachTimeout: 0, elementScrollBehavior: 0, enablePersistentHover: true, ie.browserCommandLineSwitches: , ie.ensureCleanSession: false, ie.fileUploadDialogTimeout: 3000, ie.forceCreateProcessApi: false, ignoreProtectedModeSettings: false, ignoreZoomSetting: false, initialBrowserUrl: https://www.konakart.com/ko..., nativeEvents: true, requireWindowFocus: false}, setWindowRect: true, timeouts: {implicit: 0, pageLoad: 300000, script: 30000}}
Session ID: de3cf29a-0f88-4ca3-b84e-172fa00b31af">
      <![CDATA[org.openqa.selenium.JavascriptException: Cannot click on option element. Executing JavaScript click function returned an unexpected error, but no error could be returned from Internet Explorer's JavaScript engine.
Build info: version: '3.141.59', revision: 'e82be7d358', time: '2018-11-14T08:17:03'
System info: host: 'ATMECSINLT-038', ip: '55.55.52.193', os.name: 'Windows 10', os.arch: 'amd64', os.version: '10.0', java.version: '12.0.1'
Driver info: org.openqa.selenium.ie.InternetExplorerDriver
Capabilities {acceptInsecureCerts: false, browserName: internet explorer, browserVersion: 11, javascriptEnabled: true, pageLoadStrategy: normal, platform: WINDOWS, platformName: WINDOWS, proxy: Proxy(), se:ieOptions: {browserAttachTimeout: 0, elementScrollBehavior: 0, enablePersistentHover: true, ie.browserCommandLineSwitches: , ie.ensureCleanSession: false, ie.fileUploadDialogTimeout: 3000, ie.forceCreateProcessApi: false, ignoreProtectedModeSettings: false, ignoreZoomSetting: false, initialBrowserUrl: https://www.konakart.com/ko..., nativeEvents: true, requireWindowFocus: false}, setWindowRect: true, timeouts: {implicit: 0, pageLoad: 300000, script: 30000}}
Session ID: de3cf29a-0f88-4ca3-b84e-172fa00b31af
at org.openqa.selenium.remote.http.W3CHttpResponseCodec.createException(W3CHttpResponseCodec.java:187)
at org.openqa.selenium.remote.http.W3CHttpResponseCodec.decode(W3CHttpResponseCodec.java:122)
at org.openqa.selenium.remote.http.W3CHttpResponseCodec.decode(W3CHttpResponseCodec.java:49)
at org.openqa.selenium.remote.HttpCommandExecutor.execute(HttpCommandExecutor.java:158)
at org.openqa.selenium.remote.service.DriverCommandExecutor.execute(DriverCommandExecutor.java:83)
at org.openqa.selenium.remote.RemoteWebDriver.execute(RemoteWebDriver.java:552)
at org.openqa.selenium.remote.RemoteWebElement.execute(RemoteWebElement.java:285)
at org.openqa.selenium.remote.RemoteWebElement.click(RemoteWebElement.java:84)
at org.openqa.selenium.support.ui.Select.setSelected(Select.java:311)
at org.openqa.selenium.support.ui.Select.setSelectedByIndex(Select.java:293)
at org.openqa.selenium.support.ui.Select.selectByIndex(Select.java:172)
at com.atmecs.helpers.WebUtility$5.apply(WebUtility.java:295)
at com.atmecs.helpers.WebUtility$5.apply(WebUtility.java:1)
at org.openqa.selenium.support.ui.FluentWait.until(FluentWait.java:249)
at com.atmecs.helpers.WebUtility.selectDropdownByIndex(WebUtility.java:290)
at com.atmecs.testflow.HeroImageProductPageFlow.selectSortingDropdown(HeroImageProductPageFlow.java:40)
at com.atmecs.testScripts.HeroImageProducttestscripts.validateSortingByRating(HeroImageProducttestscripts.java:89)
... Removed 30 stack frames]]>
    </failure>
  </testcase> <!-- validateSortingByRating -->
</testsuite> <!-- sortingFunctionalityTest -->
