<?xml version="1.0" encoding="UTF-8"?>
<testng-results ignored="0" total="19" passed="12" failed="7" skipped="0">
  <reporter-output>
  </reporter-output>
  <suite started-at="2019-10-07T15:06:54Z" name="Suite" finished-at="2019-10-07T15:08:46Z" duration-ms="112578">
    <groups>
    </groups>
    <test started-at="2019-10-07T15:06:54Z" name="InputFunctionalityTest" finished-at="2019-10-07T15:07:42Z" duration-ms="47734">
      <class name="com.atmecs.testScripts.HomePagetestscripts">
        <test-method is-config="true" signature="intitailizeBrowser()[pri:0, instance:com.atmecs.testScripts.HomePagetestscripts@1df82230]" started-at="2019-10-07T15:06:54Z" name="intitailizeBrowser" finished-at="2019-10-07T15:07:10Z" duration-ms="16482" status="PASS">
          <reporter-output>
          </reporter-output>
        </test-method> <!-- intitailizeBrowser -->
        <test-method signature="homePageRedirection()[pri:1, instance:com.atmecs.testScripts.HomePagetestscripts@1df82230]" started-at="2019-10-07T15:07:10Z" name="homePageRedirection" finished-at="2019-10-07T15:07:10Z" duration-ms="132" status="PASS">
          <reporter-output>
          </reporter-output>
        </test-method> <!-- homePageRedirection -->
        <test-method is-config="true" signature="tearDown(org.testng.ITestResult)[pri:0, instance:com.atmecs.testScripts.HomePagetestscripts@1df82230]" started-at="2019-10-07T15:07:10Z" name="tearDown" finished-at="2019-10-07T15:07:10Z" duration-ms="8" status="PASS">
          <params>
            <param index="0">
              <value>
                <![CDATA[[TestResult name=homePageRedirection status=SUCCESS method=HomePagetestscripts.homePageRedirection()[pri:1, instance:com.atmecs.testScripts.HomePagetestscripts@1df82230] output={null}]]]>
              </value>
            </param>
          </params>
          <reporter-output>
          </reporter-output>
        </test-method> <!-- tearDown -->
        <test-method signature="validateProductAvilability(java.lang.String, java.lang.String, java.lang.String)[pri:2, instance:com.atmecs.testScripts.HomePagetestscripts@1df82230]" started-at="2019-10-07T15:07:12Z" name="validateProductAvilability" data-provider="rightCategory" finished-at="2019-10-07T15:07:20Z" duration-ms="8650" status="FAIL">
          <params>
            <param index="0">
              <value>
                <![CDATA[Computer Peripherals]]>
              </value>
            </param>
            <param index="1">
              <value>
                <![CDATA[graphics Cards]]>
              </value>
            </param>
            <param index="2">
              <value>
                <![CDATA[Matrox G200 MMS]]>
              </value>
            </param>
          </params>
          <exception class="org.openqa.selenium.NoSuchElementException">
            <message>
              <![CDATA[no such element: Unable to locate element: {"method":"xpath","selector":"//a[text()='Matrox G200 MMS']"}
  (Session info: chrome=77.0.3865.90)
For documentation on this error, please visit: https://www.seleniumhq.org/exceptions/no_such_element.html
Build info: version: '3.141.59', revision: 'e82be7d358', time: '2018-11-14T08:17:03'
System info: host: 'ATMECSINLT-038', ip: '55.55.52.193', os.name: 'Windows 10', os.arch: 'amd64', os.version: '10.0', java.version: '12.0.1'
Driver info: org.openqa.selenium.chrome.ChromeDriver
Capabilities {acceptInsecureCerts: false, browserName: chrome, browserVersion: 77.0.3865.90, chrome: {chromedriverVersion: 77.0.3865.40 (f484704e052e0..., userDataDir: C:\Users\SAURAB~1.CHA\AppDa...}, goog:chromeOptions: {debuggerAddress: localhost:54903}, javascriptEnabled: true, networkConnectionEnabled: false, pageLoadStrategy: normal, platform: XP, platformName: XP, proxy: Proxy(), setWindowRect: true, strictFileInteractability: false, timeouts: {implicit: 0, pageLoad: 300000, script: 30000}, unhandledPromptBehavior: dismiss and notify}
Session ID: 32cddab5c200765af5f57e6f86ebf1dc
*** Element info: {Using=xpath, value=//a[text()='Matrox G200 MMS']}]]>
            </message>
            <full-stacktrace>
              <![CDATA[org.openqa.selenium.NoSuchElementException: no such element: Unable to locate element: {"method":"xpath","selector":"//a[text()='Matrox G200 MMS']"}
  (Session info: chrome=77.0.3865.90)
For documentation on this error, please visit: https://www.seleniumhq.org/exceptions/no_such_element.html
Build info: version: '3.141.59', revision: 'e82be7d358', time: '2018-11-14T08:17:03'
System info: host: 'ATMECSINLT-038', ip: '55.55.52.193', os.name: 'Windows 10', os.arch: 'amd64', os.version: '10.0', java.version: '12.0.1'
Driver info: org.openqa.selenium.chrome.ChromeDriver
Capabilities {acceptInsecureCerts: false, browserName: chrome, browserVersion: 77.0.3865.90, chrome: {chromedriverVersion: 77.0.3865.40 (f484704e052e0..., userDataDir: C:\Users\SAURAB~1.CHA\AppDa...}, goog:chromeOptions: {debuggerAddress: localhost:54903}, javascriptEnabled: true, networkConnectionEnabled: false, pageLoadStrategy: normal, platform: XP, platformName: XP, proxy: Proxy(), setWindowRect: true, strictFileInteractability: false, timeouts: {implicit: 0, pageLoad: 300000, script: 30000}, unhandledPromptBehavior: dismiss and notify}
Session ID: 32cddab5c200765af5f57e6f86ebf1dc
*** Element info: {Using=xpath, value=//a[text()='Matrox G200 MMS']}
at java.base/jdk.internal.reflect.NativeConstructorAccessorImpl.newInstance0(Native Method)
at java.base/jdk.internal.reflect.NativeConstructorAccessorImpl.newInstance(NativeConstructorAccessorImpl.java:62)
at java.base/jdk.internal.reflect.DelegatingConstructorAccessorImpl.newInstance(DelegatingConstructorAccessorImpl.java:45)
at java.base/java.lang.reflect.Constructor.newInstanceWithCaller(Constructor.java:500)
at java.base/java.lang.reflect.Constructor.newInstance(Constructor.java:481)
at org.openqa.selenium.remote.http.W3CHttpResponseCodec.createException(W3CHttpResponseCodec.java:187)
at org.openqa.selenium.remote.http.W3CHttpResponseCodec.decode(W3CHttpResponseCodec.java:122)
at org.openqa.selenium.remote.http.W3CHttpResponseCodec.decode(W3CHttpResponseCodec.java:49)
at org.openqa.selenium.remote.HttpCommandExecutor.execute(HttpCommandExecutor.java:158)
at org.openqa.selenium.remote.service.DriverCommandExecutor.execute(DriverCommandExecutor.java:83)
at org.openqa.selenium.remote.RemoteWebDriver.execute(RemoteWebDriver.java:552)
at org.openqa.selenium.remote.RemoteWebDriver.findElement(RemoteWebDriver.java:323)
at org.openqa.selenium.remote.RemoteWebDriver.findElementByXPath(RemoteWebDriver.java:428)
at org.openqa.selenium.By$ByXPath.findElement(By.java:353)
at org.openqa.selenium.remote.RemoteWebDriver.findElement(RemoteWebDriver.java:315)
at com.atmecs.helpers.WebUtility.getText(WebUtility.java:98)
at com.atmecs.pages.HomePage.isProductAvailable(HomePage.java:37)
at com.atmecs.testScripts.HomePagetestscripts.validateProductAvilability(HomePagetestscripts.java:48)
at java.base/jdk.internal.reflect.NativeMethodAccessorImpl.invoke0(Native Method)
at java.base/jdk.internal.reflect.NativeMethodAccessorImpl.invoke(NativeMethodAccessorImpl.java:62)
at java.base/jdk.internal.reflect.DelegatingMethodAccessorImpl.invoke(DelegatingMethodAccessorImpl.java:43)
at java.base/java.lang.reflect.Method.invoke(Method.java:567)
at org.testng.internal.MethodInvocationHelper.invokeMethod(MethodInvocationHelper.java:124)
at org.testng.internal.Invoker.invokeMethod(Invoker.java:583)
at org.testng.internal.Invoker.invokeTestMethod(Invoker.java:719)
at org.testng.internal.Invoker.invokeTestMethods(Invoker.java:989)
at org.testng.internal.TestMethodWorker.invokeTestMethods(TestMethodWorker.java:125)
at org.testng.internal.TestMethodWorker.run(TestMethodWorker.java:109)
at org.testng.TestRunner.privateRun(TestRunner.java:648)
at org.testng.TestRunner.run(TestRunner.java:505)
at org.testng.SuiteRunner.runTest(SuiteRunner.java:455)
at org.testng.SuiteRunner.runSequentially(SuiteRunner.java:450)
at org.testng.SuiteRunner.privateRun(SuiteRunner.java:415)
at org.testng.SuiteRunner.run(SuiteRunner.java:364)
at org.testng.SuiteRunnerWorker.runSuite(SuiteRunnerWorker.java:52)
at org.testng.SuiteRunnerWorker.run(SuiteRunnerWorker.java:84)
at org.testng.TestNG.runSuitesSequentially(TestNG.java:1208)
at org.testng.TestNG.runSuitesLocally(TestNG.java:1137)
at org.testng.TestNG.runSuites(TestNG.java:1049)
at org.testng.TestNG.run(TestNG.java:1017)
at org.testng.remote.AbstractRemoteTestNG.run(AbstractRemoteTestNG.java:115)
at org.testng.remote.RemoteTestNG.initAndRun(RemoteTestNG.java:251)
at org.testng.remote.RemoteTestNG.main(RemoteTestNG.java:77)
]]>
            </full-stacktrace>
          </exception> <!-- org.openqa.selenium.NoSuchElementException -->
          <reporter-output>
          </reporter-output>
        </test-method> <!-- validateProductAvilability -->
        <test-method is-config="true" signature="tearDown(org.testng.ITestResult)[pri:0, instance:com.atmecs.testScripts.HomePagetestscripts@1df82230]" started-at="2019-10-07T15:07:20Z" name="tearDown" finished-at="2019-10-07T15:07:21Z" duration-ms="388" status="PASS">
          <params>
            <param index="0">
              <value>
                <![CDATA[[TestResult name=validateProductAvilability status=FAILURE method=HomePagetestscripts.validateProductAvilability(java.lang.String, java.lang.String, java.lang.String)[pri:2, instance:com.atmecs.testScripts.HomePagetestscripts@1df82230] output={null}]]]>
              </value>
            </param>
          </params>
          <reporter-output>
          </reporter-output>
        </test-method> <!-- tearDown -->
        <test-method signature="validateProductAvilability(java.lang.String, java.lang.String, java.lang.String)[pri:2, instance:com.atmecs.testScripts.HomePagetestscripts@1df82230]" started-at="2019-10-07T15:07:21Z" name="validateProductAvilability" data-provider="rightCategory" finished-at="2019-10-07T15:07:28Z" duration-ms="7367" status="FAIL">
          <params>
            <param index="0">
              <value>
                <![CDATA[Computer Peripherals]]>
              </value>
            </param>
            <param index="1">
              <value>
                <![CDATA[graphics card]]>
              </value>
            </param>
            <param index="2">
              <value>
                <![CDATA[Matrox G200 MMS]]>
              </value>
            </param>
          </params>
          <exception class="org.openqa.selenium.NoSuchElementException">
            <message>
              <![CDATA[no such element: Unable to locate element: {"method":"xpath","selector":"//a[text()='Matrox G200 MMS']"}
  (Session info: chrome=77.0.3865.90)
For documentation on this error, please visit: https://www.seleniumhq.org/exceptions/no_such_element.html
Build info: version: '3.141.59', revision: 'e82be7d358', time: '2018-11-14T08:17:03'
System info: host: 'ATMECSINLT-038', ip: '55.55.52.193', os.name: 'Windows 10', os.arch: 'amd64', os.version: '10.0', java.version: '12.0.1'
Driver info: org.openqa.selenium.chrome.ChromeDriver
Capabilities {acceptInsecureCerts: false, browserName: chrome, browserVersion: 77.0.3865.90, chrome: {chromedriverVersion: 77.0.3865.40 (f484704e052e0..., userDataDir: C:\Users\SAURAB~1.CHA\AppDa...}, goog:chromeOptions: {debuggerAddress: localhost:54903}, javascriptEnabled: true, networkConnectionEnabled: false, pageLoadStrategy: normal, platform: XP, platformName: XP, proxy: Proxy(), setWindowRect: true, strictFileInteractability: false, timeouts: {implicit: 0, pageLoad: 300000, script: 30000}, unhandledPromptBehavior: dismiss and notify}
Session ID: 32cddab5c200765af5f57e6f86ebf1dc
*** Element info: {Using=xpath, value=//a[text()='Matrox G200 MMS']}]]>
            </message>
            <full-stacktrace>
              <![CDATA[org.openqa.selenium.NoSuchElementException: no such element: Unable to locate element: {"method":"xpath","selector":"//a[text()='Matrox G200 MMS']"}
  (Session info: chrome=77.0.3865.90)
For documentation on this error, please visit: https://www.seleniumhq.org/exceptions/no_such_element.html
Build info: version: '3.141.59', revision: 'e82be7d358', time: '2018-11-14T08:17:03'
System info: host: 'ATMECSINLT-038', ip: '55.55.52.193', os.name: 'Windows 10', os.arch: 'amd64', os.version: '10.0', java.version: '12.0.1'
Driver info: org.openqa.selenium.chrome.ChromeDriver
Capabilities {acceptInsecureCerts: false, browserName: chrome, browserVersion: 77.0.3865.90, chrome: {chromedriverVersion: 77.0.3865.40 (f484704e052e0..., userDataDir: C:\Users\SAURAB~1.CHA\AppDa...}, goog:chromeOptions: {debuggerAddress: localhost:54903}, javascriptEnabled: true, networkConnectionEnabled: false, pageLoadStrategy: normal, platform: XP, platformName: XP, proxy: Proxy(), setWindowRect: true, strictFileInteractability: false, timeouts: {implicit: 0, pageLoad: 300000, script: 30000}, unhandledPromptBehavior: dismiss and notify}
Session ID: 32cddab5c200765af5f57e6f86ebf1dc
*** Element info: {Using=xpath, value=//a[text()='Matrox G200 MMS']}
at java.base/jdk.internal.reflect.NativeConstructorAccessorImpl.newInstance0(Native Method)
at java.base/jdk.internal.reflect.NativeConstructorAccessorImpl.newInstance(NativeConstructorAccessorImpl.java:62)
at java.base/jdk.internal.reflect.DelegatingConstructorAccessorImpl.newInstance(DelegatingConstructorAccessorImpl.java:45)
at java.base/java.lang.reflect.Constructor.newInstanceWithCaller(Constructor.java:500)
at java.base/java.lang.reflect.Constructor.newInstance(Constructor.java:481)
at org.openqa.selenium.remote.http.W3CHttpResponseCodec.createException(W3CHttpResponseCodec.java:187)
at org.openqa.selenium.remote.http.W3CHttpResponseCodec.decode(W3CHttpResponseCodec.java:122)
at org.openqa.selenium.remote.http.W3CHttpResponseCodec.decode(W3CHttpResponseCodec.java:49)
at org.openqa.selenium.remote.HttpCommandExecutor.execute(HttpCommandExecutor.java:158)
at org.openqa.selenium.remote.service.DriverCommandExecutor.execute(DriverCommandExecutor.java:83)
at org.openqa.selenium.remote.RemoteWebDriver.execute(RemoteWebDriver.java:552)
at org.openqa.selenium.remote.RemoteWebDriver.findElement(RemoteWebDriver.java:323)
at org.openqa.selenium.remote.RemoteWebDriver.findElementByXPath(RemoteWebDriver.java:428)
at org.openqa.selenium.By$ByXPath.findElement(By.java:353)
at org.openqa.selenium.remote.RemoteWebDriver.findElement(RemoteWebDriver.java:315)
at com.atmecs.helpers.WebUtility.getText(WebUtility.java:98)
at com.atmecs.pages.HomePage.isProductAvailable(HomePage.java:37)
at com.atmecs.testScripts.HomePagetestscripts.validateProductAvilability(HomePagetestscripts.java:48)
at java.base/jdk.internal.reflect.NativeMethodAccessorImpl.invoke0(Native Method)
at java.base/jdk.internal.reflect.NativeMethodAccessorImpl.invoke(NativeMethodAccessorImpl.java:62)
at java.base/jdk.internal.reflect.DelegatingMethodAccessorImpl.invoke(DelegatingMethodAccessorImpl.java:43)
at java.base/java.lang.reflect.Method.invoke(Method.java:567)
at org.testng.internal.MethodInvocationHelper.invokeMethod(MethodInvocationHelper.java:124)
at org.testng.internal.Invoker.invokeMethod(Invoker.java:583)
at org.testng.internal.Invoker.invokeTestMethod(Invoker.java:719)
at org.testng.internal.Invoker.invokeTestMethods(Invoker.java:989)
at org.testng.internal.TestMethodWorker.invokeTestMethods(TestMethodWorker.java:125)
at org.testng.internal.TestMethodWorker.run(TestMethodWorker.java:109)
at org.testng.TestRunner.privateRun(TestRunner.java:648)
at org.testng.TestRunner.run(TestRunner.java:505)
at org.testng.SuiteRunner.runTest(SuiteRunner.java:455)
at org.testng.SuiteRunner.runSequentially(SuiteRunner.java:450)
at org.testng.SuiteRunner.privateRun(SuiteRunner.java:415)
at org.testng.SuiteRunner.run(SuiteRunner.java:364)
at org.testng.SuiteRunnerWorker.runSuite(SuiteRunnerWorker.java:52)
at org.testng.SuiteRunnerWorker.run(SuiteRunnerWorker.java:84)
at org.testng.TestNG.runSuitesSequentially(TestNG.java:1208)
at org.testng.TestNG.runSuitesLocally(TestNG.java:1137)
at org.testng.TestNG.runSuites(TestNG.java:1049)
at org.testng.TestNG.run(TestNG.java:1017)
at org.testng.remote.AbstractRemoteTestNG.run(AbstractRemoteTestNG.java:115)
at org.testng.remote.RemoteTestNG.initAndRun(RemoteTestNG.java:251)
at org.testng.remote.RemoteTestNG.main(RemoteTestNG.java:77)
]]>
            </full-stacktrace>
          </exception> <!-- org.openqa.selenium.NoSuchElementException -->
          <reporter-output>
          </reporter-output>
        </test-method> <!-- validateProductAvilability -->
        <test-method is-config="true" signature="tearDown(org.testng.ITestResult)[pri:0, instance:com.atmecs.testScripts.HomePagetestscripts@1df82230]" started-at="2019-10-07T15:07:28Z" name="tearDown" finished-at="2019-10-07T15:07:29Z" duration-ms="422" status="PASS">
          <params>
            <param index="0">
              <value>
                <![CDATA[[TestResult name=validateProductAvilability status=FAILURE method=HomePagetestscripts.validateProductAvilability(java.lang.String, java.lang.String, java.lang.String)[pri:2, instance:com.atmecs.testScripts.HomePagetestscripts@1df82230] output={null}]]]>
              </value>
            </param>
          </params>
          <reporter-output>
          </reporter-output>
        </test-method> <!-- tearDown -->
        <test-method signature="validateProductAvilability(java.lang.String, java.lang.String, java.lang.String)[pri:2, instance:com.atmecs.testScripts.HomePagetestscripts@1df82230]" started-at="2019-10-07T15:07:29Z" name="validateProductAvilability" data-provider="rightCategory" finished-at="2019-10-07T15:07:31Z" duration-ms="1950" status="PASS">
          <params>
            <param index="0">
              <value>
                <![CDATA[Games]]>
              </value>
            </param>
            <param index="1">
              <value>
                <![CDATA[call Of DUTY]]>
              </value>
            </param>
            <param index="2">
              <value>
                <![CDATA[Call Of Duty]]>
              </value>
            </param>
          </params>
          <reporter-output>
          </reporter-output>
        </test-method> <!-- validateProductAvilability -->
        <test-method signature="validateProductAvilability(java.lang.String, java.lang.String, java.lang.String)[pri:2, instance:com.atmecs.testScripts.HomePagetestscripts@1df82230]" started-at="2019-10-07T15:07:31Z" name="validateProductAvilability" data-provider="rightCategory" finished-at="2019-10-07T15:07:37Z" duration-ms="6465" status="PASS">
          <params>
            <param index="0">
              <value>
                <![CDATA[Software]]>
              </value>
            </param>
            <param index="1">
              <value>
                <![CDATA[windows 8]]>
              </value>
            </param>
            <param index="2">
              <value>
                <![CDATA[Windows 8]]>
              </value>
            </param>
          </params>
          <reporter-output>
          </reporter-output>
        </test-method> <!-- validateProductAvilability -->
        <test-method is-config="true" signature="tearDown(org.testng.ITestResult)[pri:0, instance:com.atmecs.testScripts.HomePagetestscripts@1df82230]" started-at="2019-10-07T15:07:31Z" name="tearDown" finished-at="2019-10-07T15:07:31Z" duration-ms="0" status="PASS">
          <params>
            <param index="0">
              <value>
                <![CDATA[[TestResult name=validateProductAvilability status=SUCCESS method=HomePagetestscripts.validateProductAvilability(java.lang.String, java.lang.String, java.lang.String)[pri:2, instance:com.atmecs.testScripts.HomePagetestscripts@1df82230] output={null}]]]>
              </value>
            </param>
          </params>
          <reporter-output>
          </reporter-output>
        </test-method> <!-- tearDown -->
        <test-method is-config="true" signature="tearDown(org.testng.ITestResult)[pri:0, instance:com.atmecs.testScripts.HomePagetestscripts@1df82230]" started-at="2019-10-07T15:07:37Z" name="tearDown" finished-at="2019-10-07T15:07:37Z" duration-ms="1" status="PASS">
          <params>
            <param index="0">
              <value>
                <![CDATA[[TestResult name=validateProductAvilability status=SUCCESS method=HomePagetestscripts.validateProductAvilability(java.lang.String, java.lang.String, java.lang.String)[pri:2, instance:com.atmecs.testScripts.HomePagetestscripts@1df82230] output={null}]]]>
              </value>
            </param>
          </params>
          <reporter-output>
          </reporter-output>
        </test-method> <!-- tearDown -->
        <test-method signature="validateErrorMessage(java.lang.String, java.lang.String, java.lang.String)[pri:3, instance:com.atmecs.testScripts.HomePagetestscripts@1df82230]" started-at="2019-10-07T15:07:37Z" name="validateErrorMessage" data-provider="wrongCategory" finished-at="2019-10-07T15:07:39Z" duration-ms="2192" status="PASS">
          <params>
            <param index="0">
              <value>
                <![CDATA[Computer Peripherals]]>
              </value>
            </param>
            <param index="1">
              <value>
                <![CDATA[gyuwdwfduygbed]]>
              </value>
            </param>
            <param index="2">
              <value>
                <![CDATA[There are no available products.]]>
              </value>
            </param>
          </params>
          <reporter-output>
          </reporter-output>
        </test-method> <!-- validateErrorMessage -->
        <test-method signature="validateErrorMessage(java.lang.String, java.lang.String, java.lang.String)[pri:3, instance:com.atmecs.testScripts.HomePagetestscripts@1df82230]" started-at="2019-10-07T15:07:39Z" name="validateErrorMessage" data-provider="wrongCategory" finished-at="2019-10-07T15:07:41Z" duration-ms="1301" status="PASS">
          <params>
            <param index="0">
              <value>
                <![CDATA[Games]]>
              </value>
            </param>
            <param index="1">
              <value>
                <![CDATA[gywdcygvgy]]>
              </value>
            </param>
            <param index="2">
              <value>
                <![CDATA[There are no available products.]]>
              </value>
            </param>
          </params>
          <reporter-output>
          </reporter-output>
        </test-method> <!-- validateErrorMessage -->
        <test-method is-config="true" signature="tearDown(org.testng.ITestResult)[pri:0, instance:com.atmecs.testScripts.HomePagetestscripts@1df82230]" started-at="2019-10-07T15:07:39Z" name="tearDown" finished-at="2019-10-07T15:07:39Z" duration-ms="0" status="PASS">
          <params>
            <param index="0">
              <value>
                <![CDATA[[TestResult name=validateErrorMessage status=SUCCESS method=HomePagetestscripts.validateErrorMessage(java.lang.String, java.lang.String, java.lang.String)[pri:3, instance:com.atmecs.testScripts.HomePagetestscripts@1df82230] output={null}]]]>
              </value>
            </param>
          </params>
          <reporter-output>
          </reporter-output>
        </test-method> <!-- tearDown -->
        <test-method is-config="true" signature="tearDown(org.testng.ITestResult)[pri:0, instance:com.atmecs.testScripts.HomePagetestscripts@1df82230]" started-at="2019-10-07T15:07:41Z" name="tearDown" finished-at="2019-10-07T15:07:41Z" duration-ms="0" status="PASS">
          <params>
            <param index="0">
              <value>
                <![CDATA[[TestResult name=validateErrorMessage status=SUCCESS method=HomePagetestscripts.validateErrorMessage(java.lang.String, java.lang.String, java.lang.String)[pri:3, instance:com.atmecs.testScripts.HomePagetestscripts@1df82230] output={null}]]]>
              </value>
            </param>
          </params>
          <reporter-output>
          </reporter-output>
        </test-method> <!-- tearDown -->
        <test-method is-config="true" signature="print()[pri:0, instance:com.atmecs.testScripts.HomePagetestscripts@1df82230]" started-at="2019-10-07T15:07:41Z" name="print" finished-at="2019-10-07T15:07:42Z" duration-ms="874" status="PASS">
          <reporter-output>
          </reporter-output>
        </test-method> <!-- print -->
      </class> <!-- com.atmecs.testScripts.HomePagetestscripts -->
    </test> <!-- InputFunctionalityTest -->
    <test started-at="2019-10-07T15:07:42Z" name="sortingFunctionalityTest" finished-at="2019-10-07T15:08:13Z" duration-ms="30923">
      <class name="com.atmecs.testScripts.HeroImageProducttestscripts">
        <test-method is-config="true" signature="intitailizeBrowser()[pri:0, instance:com.atmecs.testScripts.HeroImageProducttestscripts@29176cc1]" started-at="2019-10-07T15:07:42Z" name="intitailizeBrowser" finished-at="2019-10-07T15:07:57Z" duration-ms="15799" status="PASS">
          <reporter-output>
          </reporter-output>
        </test-method> <!-- intitailizeBrowser -->
        <test-method signature="homePageRedirection()[pri:5, instance:com.atmecs.testScripts.HeroImageProducttestscripts@29176cc1]" started-at="2019-10-07T15:07:57Z" name="homePageRedirection" finished-at="2019-10-07T15:07:57Z" duration-ms="34" status="PASS">
          <reporter-output>
          </reporter-output>
        </test-method> <!-- homePageRedirection -->
        <test-method signature="validateContents()[pri:6, instance:com.atmecs.testScripts.HeroImageProducttestscripts@29176cc1]" started-at="2019-10-07T15:07:58Z" name="validateContents" finished-at="2019-10-07T15:08:03Z" duration-ms="5962" status="PASS">
          <reporter-output>
          </reporter-output>
        </test-method> <!-- validateContents -->
        <test-method is-config="true" signature="tearDown(org.testng.ITestResult)[pri:0, instance:com.atmecs.testScripts.HeroImageProducttestscripts@29176cc1]" started-at="2019-10-07T15:07:58Z" name="tearDown" finished-at="2019-10-07T15:07:58Z" duration-ms="0" status="PASS">
          <params>
            <param index="0">
              <value>
                <![CDATA[[TestResult name=homePageRedirection status=SUCCESS method=HeroImageProducttestscripts.homePageRedirection()[pri:5, instance:com.atmecs.testScripts.HeroImageProducttestscripts@29176cc1] output={null}]]]>
              </value>
            </param>
          </params>
          <reporter-output>
          </reporter-output>
        </test-method> <!-- tearDown -->
        <test-method signature="validateSortingFunctionality()[pri:7, instance:com.atmecs.testScripts.HeroImageProducttestscripts@29176cc1]" started-at="2019-10-07T15:08:03Z" name="validateSortingFunctionality" finished-at="2019-10-07T15:08:04Z" duration-ms="124" status="PASS">
          <reporter-output>
          </reporter-output>
        </test-method> <!-- validateSortingFunctionality -->
        <test-method is-config="true" signature="tearDown(org.testng.ITestResult)[pri:0, instance:com.atmecs.testScripts.HeroImageProducttestscripts@29176cc1]" started-at="2019-10-07T15:08:03Z" name="tearDown" finished-at="2019-10-07T15:08:03Z" duration-ms="0" status="PASS">
          <params>
            <param index="0">
              <value>
                <![CDATA[[TestResult name=validateContents status=SUCCESS method=HeroImageProducttestscripts.validateContents()[pri:6, instance:com.atmecs.testScripts.HeroImageProducttestscripts@29176cc1] output={null}]]]>
              </value>
            </param>
          </params>
          <reporter-output>
          </reporter-output>
        </test-method> <!-- tearDown -->
        <test-method is-config="true" signature="tearDown(org.testng.ITestResult)[pri:0, instance:com.atmecs.testScripts.HeroImageProducttestscripts@29176cc1]" started-at="2019-10-07T15:08:04Z" name="tearDown" finished-at="2019-10-07T15:08:04Z" duration-ms="0" status="PASS">
          <params>
            <param index="0">
              <value>
                <![CDATA[[TestResult name=validateSortingFunctionality status=SUCCESS method=HeroImageProducttestscripts.validateSortingFunctionality()[pri:7, instance:com.atmecs.testScripts.HeroImageProducttestscripts@29176cc1] output={null}]]]>
              </value>
            </param>
          </params>
          <reporter-output>
          </reporter-output>
        </test-method> <!-- tearDown -->
        <test-method signature="validateSortingByDate()[pri:8, instance:com.atmecs.testScripts.HeroImageProducttestscripts@29176cc1]" started-at="2019-10-07T15:08:04Z" name="validateSortingByDate" finished-at="2019-10-07T15:08:07Z" duration-ms="3308" status="PASS">
          <reporter-output>
          </reporter-output>
        </test-method> <!-- validateSortingByDate -->
        <test-method is-config="true" signature="tearDown(org.testng.ITestResult)[pri:0, instance:com.atmecs.testScripts.HeroImageProducttestscripts@29176cc1]" started-at="2019-10-07T15:08:07Z" name="tearDown" finished-at="2019-10-07T15:08:07Z" duration-ms="0" status="PASS">
          <params>
            <param index="0">
              <value>
                <![CDATA[[TestResult name=validateSortingByDate status=SUCCESS method=HeroImageProducttestscripts.validateSortingByDate()[pri:8, instance:com.atmecs.testScripts.HeroImageProducttestscripts@29176cc1] output={null}]]]>
              </value>
            </param>
          </params>
          <reporter-output>
          </reporter-output>
        </test-method> <!-- tearDown -->
        <test-method signature="validateSortingByRating()[pri:9, instance:com.atmecs.testScripts.HeroImageProducttestscripts@29176cc1]" started-at="2019-10-07T15:08:07Z" name="validateSortingByRating" finished-at="2019-10-07T15:08:12Z" duration-ms="4771" status="PASS">
          <reporter-output>
          </reporter-output>
        </test-method> <!-- validateSortingByRating -->
        <test-method is-config="true" signature="print()[pri:0, instance:com.atmecs.testScripts.HeroImageProducttestscripts@29176cc1]" started-at="2019-10-07T15:08:12Z" name="print" finished-at="2019-10-07T15:08:13Z" duration-ms="909" status="PASS">
          <reporter-output>
          </reporter-output>
        </test-method> <!-- print -->
        <test-method is-config="true" signature="tearDown(org.testng.ITestResult)[pri:0, instance:com.atmecs.testScripts.HeroImageProducttestscripts@29176cc1]" started-at="2019-10-07T15:08:12Z" name="tearDown" finished-at="2019-10-07T15:08:12Z" duration-ms="0" status="PASS">
          <params>
            <param index="0">
              <value>
                <![CDATA[[TestResult name=validateSortingByRating status=SUCCESS method=HeroImageProducttestscripts.validateSortingByRating()[pri:9, instance:com.atmecs.testScripts.HeroImageProducttestscripts@29176cc1] output={null}]]]>
              </value>
            </param>
          </params>
          <reporter-output>
          </reporter-output>
        </test-method> <!-- tearDown -->
      </class> <!-- com.atmecs.testScripts.HeroImageProducttestscripts -->
    </test> <!-- sortingFunctionalityTest -->
    <test started-at="2019-10-07T15:08:13Z" name="PricesortingFunctionalityTest" finished-at="2019-10-07T15:08:46Z" duration-ms="33765">
      <class name="com.atmecs.testScripts.HomePageComputerPeripherals">
        <test-method is-config="true" signature="startReport()[pri:0, instance:com.atmecs.testScripts.HomePageComputerPeripherals@229d10bd]" started-at="2019-10-07T15:06:53Z" name="startReport" finished-at="2019-10-07T15:06:54Z" duration-ms="312" status="PASS">
          <reporter-output>
          </reporter-output>
        </test-method> <!-- startReport -->
        <test-method is-config="true" signature="intitailizeBrowser()[pri:0, instance:com.atmecs.testScripts.HomePageComputerPeripherals@229d10bd]" started-at="2019-10-07T15:08:13Z" name="intitailizeBrowser" finished-at="2019-10-07T15:08:28Z" duration-ms="15121" status="PASS">
          <reporter-output>
          </reporter-output>
        </test-method> <!-- intitailizeBrowser -->
        <test-method signature="validateMessage(java.lang.String, java.lang.String, java.lang.String)[pri:1, instance:com.atmecs.testScripts.HomePageComputerPeripherals@229d10bd]" started-at="2019-10-07T15:08:28Z" name="validateMessage" data-provider="wrongProduct" finished-at="2019-10-07T15:08:30Z" duration-ms="1710" status="PASS">
          <params>
            <param index="0">
              <value>
                <![CDATA[Computer Peripherals]]>
              </value>
            </param>
            <param index="1">
              <value>
                <![CDATA[graphics cards]]>
              </value>
            </param>
            <param index="2">
              <value>
                <![CDATA[No products were found for your search]]>
              </value>
            </param>
          </params>
          <reporter-output>
          </reporter-output>
        </test-method> <!-- validateMessage -->
        <test-method is-config="true" signature="tearDown(org.testng.ITestResult)[pri:0, instance:com.atmecs.testScripts.HomePageComputerPeripherals@229d10bd]" started-at="2019-10-07T15:08:30Z" name="tearDown" finished-at="2019-10-07T15:08:30Z" duration-ms="0" status="PASS">
          <params>
            <param index="0">
              <value>
                <![CDATA[[TestResult name=validateMessage status=SUCCESS method=HomePageComputerPeripherals.validateMessage(java.lang.String, java.lang.String, java.lang.String)[pri:1, instance:com.atmecs.testScripts.HomePageComputerPeripherals@229d10bd] output={null}]]]>
              </value>
            </param>
          </params>
          <reporter-output>
          </reporter-output>
        </test-method> <!-- tearDown -->
        <test-method signature="validateProductAvilability(java.lang.String, java.lang.String, java.lang.String)[pri:2, instance:com.atmecs.testScripts.HomePageComputerPeripherals@229d10bd]" started-at="2019-10-07T15:08:30Z" name="validateProductAvilability" data-provider="rightProduct" finished-at="2019-10-07T15:08:33Z" duration-ms="3124" status="PASS">
          <params>
            <param index="0">
              <value>
                <![CDATA[Computer Peripherals]]>
              </value>
            </param>
            <param index="1">
              <value>
                <![CDATA[graphics cards]]>
              </value>
            </param>
            <param index="2">
              <value>
                <![CDATA[Matrox G200 MMS]]>
              </value>
            </param>
          </params>
          <reporter-output>
          </reporter-output>
        </test-method> <!-- validateProductAvilability -->
        <test-method is-config="true" signature="tearDown(org.testng.ITestResult)[pri:0, instance:com.atmecs.testScripts.HomePageComputerPeripherals@229d10bd]" started-at="2019-10-07T15:08:33Z" name="tearDown" finished-at="2019-10-07T15:08:33Z" duration-ms="0" status="PASS">
          <params>
            <param index="0">
              <value>
                <![CDATA[[TestResult name=validateProductAvilability status=SUCCESS method=HomePageComputerPeripherals.validateProductAvilability(java.lang.String, java.lang.String, java.lang.String)[pri:2, instance:com.atmecs.testScripts.HomePageComputerPeripherals@229d10bd] output={null}]]]>
              </value>
            </param>
          </params>
          <reporter-output>
          </reporter-output>
        </test-method> <!-- tearDown -->
        <test-method signature="validatePricingSortingFunctionality(java.lang.String)[pri:3, instance:com.atmecs.testScripts.HomePageComputerPeripherals@229d10bd]" started-at="2019-10-07T15:08:33Z" name="validatePricingSortingFunctionality" data-provider="pricing" finished-at="2019-10-07T15:08:36Z" duration-ms="3368" status="FAIL">
          <params>
            <param index="0">
              <value>
                <![CDATA[30]]>
              </value>
            </param>
          </params>
          <exception class="org.openqa.selenium.NoSuchSessionException">
            <message>
              <![CDATA[Session ID is null. Using WebDriver after calling quit()?
Build info: version: '3.141.59', revision: 'e82be7d358', time: '2018-11-14T08:17:03'
System info: host: 'ATMECSINLT-038', ip: '55.55.52.193', os.name: 'Windows 10', os.arch: 'amd64', os.version: '10.0', java.version: '12.0.1'
Driver info: driver.version: RemoteWebDriver]]>
            </message>
            <full-stacktrace>
              <![CDATA[org.openqa.selenium.NoSuchSessionException: Session ID is null. Using WebDriver after calling quit()?
Build info: version: '3.141.59', revision: 'e82be7d358', time: '2018-11-14T08:17:03'
System info: host: 'ATMECSINLT-038', ip: '55.55.52.193', os.name: 'Windows 10', os.arch: 'amd64', os.version: '10.0', java.version: '12.0.1'
Driver info: driver.version: RemoteWebDriver
at org.openqa.selenium.remote.HttpCommandExecutor.execute(HttpCommandExecutor.java:125)
at org.openqa.selenium.remote.service.DriverCommandExecutor.execute(DriverCommandExecutor.java:83)
at org.openqa.selenium.remote.RemoteWebDriver.execute(RemoteWebDriver.java:552)
at org.openqa.selenium.remote.RemoteWebDriver.perform(RemoteWebDriver.java:618)
at org.openqa.selenium.interactions.Actions$BuiltAction.perform(Actions.java:639)
at com.atmecs.helpers.WebUtility.scrollBySpacebar(WebUtility.java:329)
at com.atmecs.testflow.HomePageComputerPeripheralsFlow.selectPricing(HomePageComputerPeripheralsFlow.java:15)
at com.atmecs.testScripts.HomePageComputerPeripherals.validatePricingSortingFunctionality(HomePageComputerPeripherals.java:74)
at java.base/jdk.internal.reflect.NativeMethodAccessorImpl.invoke0(Native Method)
at java.base/jdk.internal.reflect.NativeMethodAccessorImpl.invoke(NativeMethodAccessorImpl.java:62)
at java.base/jdk.internal.reflect.DelegatingMethodAccessorImpl.invoke(DelegatingMethodAccessorImpl.java:43)
at java.base/java.lang.reflect.Method.invoke(Method.java:567)
at org.testng.internal.MethodInvocationHelper.invokeMethod(MethodInvocationHelper.java:124)
at org.testng.internal.Invoker.invokeMethod(Invoker.java:583)
at org.testng.internal.Invoker.invokeTestMethod(Invoker.java:719)
at org.testng.internal.Invoker.invokeTestMethods(Invoker.java:989)
at org.testng.internal.TestMethodWorker.invokeTestMethods(TestMethodWorker.java:125)
at org.testng.internal.TestMethodWorker.run(TestMethodWorker.java:109)
at org.testng.TestRunner.privateRun(TestRunner.java:648)
at org.testng.TestRunner.run(TestRunner.java:505)
at org.testng.SuiteRunner.runTest(SuiteRunner.java:455)
at org.testng.SuiteRunner.runSequentially(SuiteRunner.java:450)
at org.testng.SuiteRunner.privateRun(SuiteRunner.java:415)
at org.testng.SuiteRunner.run(SuiteRunner.java:364)
at org.testng.SuiteRunnerWorker.runSuite(SuiteRunnerWorker.java:52)
at org.testng.SuiteRunnerWorker.run(SuiteRunnerWorker.java:84)
at org.testng.TestNG.runSuitesSequentially(TestNG.java:1208)
at org.testng.TestNG.runSuitesLocally(TestNG.java:1137)
at org.testng.TestNG.runSuites(TestNG.java:1049)
at org.testng.TestNG.run(TestNG.java:1017)
at org.testng.remote.AbstractRemoteTestNG.run(AbstractRemoteTestNG.java:115)
at org.testng.remote.RemoteTestNG.initAndRun(RemoteTestNG.java:251)
at org.testng.remote.RemoteTestNG.main(RemoteTestNG.java:77)
]]>
            </full-stacktrace>
          </exception> <!-- org.openqa.selenium.NoSuchSessionException -->
          <reporter-output>
          </reporter-output>
        </test-method> <!-- validatePricingSortingFunctionality -->
        <test-method is-config="true" signature="tearDown(org.testng.ITestResult)[pri:0, instance:com.atmecs.testScripts.HomePageComputerPeripherals@229d10bd]" started-at="2019-10-07T15:08:36Z" name="tearDown" finished-at="2019-10-07T15:08:37Z" duration-ms="436" status="PASS">
          <params>
            <param index="0">
              <value>
                <![CDATA[[TestResult name=validatePricingSortingFunctionality status=FAILURE method=HomePageComputerPeripherals.validatePricingSortingFunctionality(java.lang.String)[pri:3, instance:com.atmecs.testScripts.HomePageComputerPeripherals@229d10bd] output={null}]]]>
              </value>
            </param>
          </params>
          <reporter-output>
          </reporter-output>
        </test-method> <!-- tearDown -->
        <test-method signature="validatePricingSortingFunctionality(java.lang.String)[pri:3, instance:com.atmecs.testScripts.HomePageComputerPeripherals@229d10bd]" started-at="2019-10-07T15:08:37Z" name="validatePricingSortingFunctionality" data-provider="pricing" finished-at="2019-10-07T15:08:38Z" duration-ms="1566" status="FAIL">
          <params>
            <param index="0">
              <value>
                <![CDATA[60]]>
              </value>
            </param>
          </params>
          <exception class="org.openqa.selenium.NoSuchSessionException">
            <message>
              <![CDATA[Session ID is null. Using WebDriver after calling quit()?
Build info: version: '3.141.59', revision: 'e82be7d358', time: '2018-11-14T08:17:03'
System info: host: 'ATMECSINLT-038', ip: '55.55.52.193', os.name: 'Windows 10', os.arch: 'amd64', os.version: '10.0', java.version: '12.0.1'
Driver info: driver.version: RemoteWebDriver]]>
            </message>
            <full-stacktrace>
              <![CDATA[org.openqa.selenium.NoSuchSessionException: Session ID is null. Using WebDriver after calling quit()?
Build info: version: '3.141.59', revision: 'e82be7d358', time: '2018-11-14T08:17:03'
System info: host: 'ATMECSINLT-038', ip: '55.55.52.193', os.name: 'Windows 10', os.arch: 'amd64', os.version: '10.0', java.version: '12.0.1'
Driver info: driver.version: RemoteWebDriver
at org.openqa.selenium.remote.HttpCommandExecutor.execute(HttpCommandExecutor.java:125)
at org.openqa.selenium.remote.service.DriverCommandExecutor.execute(DriverCommandExecutor.java:83)
at org.openqa.selenium.remote.RemoteWebDriver.execute(RemoteWebDriver.java:552)
at org.openqa.selenium.remote.RemoteWebDriver.perform(RemoteWebDriver.java:618)
at org.openqa.selenium.interactions.Actions$BuiltAction.perform(Actions.java:639)
at com.atmecs.helpers.WebUtility.scrollBySpacebar(WebUtility.java:329)
at com.atmecs.testflow.HomePageComputerPeripheralsFlow.selectPricing(HomePageComputerPeripheralsFlow.java:15)
at com.atmecs.testScripts.HomePageComputerPeripherals.validatePricingSortingFunctionality(HomePageComputerPeripherals.java:74)
at java.base/jdk.internal.reflect.NativeMethodAccessorImpl.invoke0(Native Method)
at java.base/jdk.internal.reflect.NativeMethodAccessorImpl.invoke(NativeMethodAccessorImpl.java:62)
at java.base/jdk.internal.reflect.DelegatingMethodAccessorImpl.invoke(DelegatingMethodAccessorImpl.java:43)
at java.base/java.lang.reflect.Method.invoke(Method.java:567)
at org.testng.internal.MethodInvocationHelper.invokeMethod(MethodInvocationHelper.java:124)
at org.testng.internal.Invoker.invokeMethod(Invoker.java:583)
at org.testng.internal.Invoker.invokeTestMethod(Invoker.java:719)
at org.testng.internal.Invoker.invokeTestMethods(Invoker.java:989)
at org.testng.internal.TestMethodWorker.invokeTestMethods(TestMethodWorker.java:125)
at org.testng.internal.TestMethodWorker.run(TestMethodWorker.java:109)
at org.testng.TestRunner.privateRun(TestRunner.java:648)
at org.testng.TestRunner.run(TestRunner.java:505)
at org.testng.SuiteRunner.runTest(SuiteRunner.java:455)
at org.testng.SuiteRunner.runSequentially(SuiteRunner.java:450)
at org.testng.SuiteRunner.privateRun(SuiteRunner.java:415)
at org.testng.SuiteRunner.run(SuiteRunner.java:364)
at org.testng.SuiteRunnerWorker.runSuite(SuiteRunnerWorker.java:52)
at org.testng.SuiteRunnerWorker.run(SuiteRunnerWorker.java:84)
at org.testng.TestNG.runSuitesSequentially(TestNG.java:1208)
at org.testng.TestNG.runSuitesLocally(TestNG.java:1137)
at org.testng.TestNG.runSuites(TestNG.java:1049)
at org.testng.TestNG.run(TestNG.java:1017)
at org.testng.remote.AbstractRemoteTestNG.run(AbstractRemoteTestNG.java:115)
at org.testng.remote.RemoteTestNG.initAndRun(RemoteTestNG.java:251)
at org.testng.remote.RemoteTestNG.main(RemoteTestNG.java:77)
]]>
            </full-stacktrace>
          </exception> <!-- org.openqa.selenium.NoSuchSessionException -->
          <reporter-output>
          </reporter-output>
        </test-method> <!-- validatePricingSortingFunctionality -->
        <test-method is-config="true" signature="tearDown(org.testng.ITestResult)[pri:0, instance:com.atmecs.testScripts.HomePageComputerPeripherals@229d10bd]" started-at="2019-10-07T15:08:38Z" name="tearDown" finished-at="2019-10-07T15:08:39Z" duration-ms="469" status="PASS">
          <params>
            <param index="0">
              <value>
                <![CDATA[[TestResult name=validatePricingSortingFunctionality status=FAILURE method=HomePageComputerPeripherals.validatePricingSortingFunctionality(java.lang.String)[pri:3, instance:com.atmecs.testScripts.HomePageComputerPeripherals@229d10bd] output={null}]]]>
              </value>
            </param>
          </params>
          <reporter-output>
          </reporter-output>
        </test-method> <!-- tearDown -->
        <test-method signature="validatePricingSortingFunctionality(java.lang.String)[pri:3, instance:com.atmecs.testScripts.HomePageComputerPeripherals@229d10bd]" started-at="2019-10-07T15:08:39Z" name="validatePricingSortingFunctionality" data-provider="pricing" finished-at="2019-10-07T15:08:40Z" duration-ms="1611" status="FAIL">
          <params>
            <param index="0">
              <value>
                <![CDATA[90]]>
              </value>
            </param>
          </params>
          <exception class="org.openqa.selenium.NoSuchSessionException">
            <message>
              <![CDATA[Session ID is null. Using WebDriver after calling quit()?
Build info: version: '3.141.59', revision: 'e82be7d358', time: '2018-11-14T08:17:03'
System info: host: 'ATMECSINLT-038', ip: '55.55.52.193', os.name: 'Windows 10', os.arch: 'amd64', os.version: '10.0', java.version: '12.0.1'
Driver info: driver.version: RemoteWebDriver]]>
            </message>
            <full-stacktrace>
              <![CDATA[org.openqa.selenium.NoSuchSessionException: Session ID is null. Using WebDriver after calling quit()?
Build info: version: '3.141.59', revision: 'e82be7d358', time: '2018-11-14T08:17:03'
System info: host: 'ATMECSINLT-038', ip: '55.55.52.193', os.name: 'Windows 10', os.arch: 'amd64', os.version: '10.0', java.version: '12.0.1'
Driver info: driver.version: RemoteWebDriver
at org.openqa.selenium.remote.HttpCommandExecutor.execute(HttpCommandExecutor.java:125)
at org.openqa.selenium.remote.service.DriverCommandExecutor.execute(DriverCommandExecutor.java:83)
at org.openqa.selenium.remote.RemoteWebDriver.execute(RemoteWebDriver.java:552)
at org.openqa.selenium.remote.RemoteWebDriver.perform(RemoteWebDriver.java:618)
at org.openqa.selenium.interactions.Actions$BuiltAction.perform(Actions.java:639)
at com.atmecs.helpers.WebUtility.scrollBySpacebar(WebUtility.java:329)
at com.atmecs.testflow.HomePageComputerPeripheralsFlow.selectPricing(HomePageComputerPeripheralsFlow.java:15)
at com.atmecs.testScripts.HomePageComputerPeripherals.validatePricingSortingFunctionality(HomePageComputerPeripherals.java:74)
at java.base/jdk.internal.reflect.NativeMethodAccessorImpl.invoke0(Native Method)
at java.base/jdk.internal.reflect.NativeMethodAccessorImpl.invoke(NativeMethodAccessorImpl.java:62)
at java.base/jdk.internal.reflect.DelegatingMethodAccessorImpl.invoke(DelegatingMethodAccessorImpl.java:43)
at java.base/java.lang.reflect.Method.invoke(Method.java:567)
at org.testng.internal.MethodInvocationHelper.invokeMethod(MethodInvocationHelper.java:124)
at org.testng.internal.Invoker.invokeMethod(Invoker.java:583)
at org.testng.internal.Invoker.invokeTestMethod(Invoker.java:719)
at org.testng.internal.Invoker.invokeTestMethods(Invoker.java:989)
at org.testng.internal.TestMethodWorker.invokeTestMethods(TestMethodWorker.java:125)
at org.testng.internal.TestMethodWorker.run(TestMethodWorker.java:109)
at org.testng.TestRunner.privateRun(TestRunner.java:648)
at org.testng.TestRunner.run(TestRunner.java:505)
at org.testng.SuiteRunner.runTest(SuiteRunner.java:455)
at org.testng.SuiteRunner.runSequentially(SuiteRunner.java:450)
at org.testng.SuiteRunner.privateRun(SuiteRunner.java:415)
at org.testng.SuiteRunner.run(SuiteRunner.java:364)
at org.testng.SuiteRunnerWorker.runSuite(SuiteRunnerWorker.java:52)
at org.testng.SuiteRunnerWorker.run(SuiteRunnerWorker.java:84)
at org.testng.TestNG.runSuitesSequentially(TestNG.java:1208)
at org.testng.TestNG.runSuitesLocally(TestNG.java:1137)
at org.testng.TestNG.runSuites(TestNG.java:1049)
at org.testng.TestNG.run(TestNG.java:1017)
at org.testng.remote.AbstractRemoteTestNG.run(AbstractRemoteTestNG.java:115)
at org.testng.remote.RemoteTestNG.initAndRun(RemoteTestNG.java:251)
at org.testng.remote.RemoteTestNG.main(RemoteTestNG.java:77)
]]>
            </full-stacktrace>
          </exception> <!-- org.openqa.selenium.NoSuchSessionException -->
          <reporter-output>
          </reporter-output>
        </test-method> <!-- validatePricingSortingFunctionality -->
        <test-method is-config="true" signature="tearDown(org.testng.ITestResult)[pri:0, instance:com.atmecs.testScripts.HomePageComputerPeripherals@229d10bd]" started-at="2019-10-07T15:08:40Z" name="tearDown" finished-at="2019-10-07T15:08:41Z" duration-ms="417" status="PASS">
          <params>
            <param index="0">
              <value>
                <![CDATA[[TestResult name=validatePricingSortingFunctionality status=FAILURE method=HomePageComputerPeripherals.validatePricingSortingFunctionality(java.lang.String)[pri:3, instance:com.atmecs.testScripts.HomePageComputerPeripherals@229d10bd] output={null}]]]>
              </value>
            </param>
          </params>
          <reporter-output>
          </reporter-output>
        </test-method> <!-- tearDown -->
        <test-method signature="validatePricingSortingFunctionality(java.lang.String)[pri:3, instance:com.atmecs.testScripts.HomePageComputerPeripherals@229d10bd]" started-at="2019-10-07T15:08:41Z" name="validatePricingSortingFunctionality" data-provider="pricing" finished-at="2019-10-07T15:08:43Z" duration-ms="2089" status="FAIL">
          <params>
            <param index="0">
              <value>
                <![CDATA[120]]>
              </value>
            </param>
          </params>
          <exception class="org.openqa.selenium.NoSuchSessionException">
            <message>
              <![CDATA[Session ID is null. Using WebDriver after calling quit()?
Build info: version: '3.141.59', revision: 'e82be7d358', time: '2018-11-14T08:17:03'
System info: host: 'ATMECSINLT-038', ip: '55.55.52.193', os.name: 'Windows 10', os.arch: 'amd64', os.version: '10.0', java.version: '12.0.1'
Driver info: driver.version: RemoteWebDriver]]>
            </message>
            <full-stacktrace>
              <![CDATA[org.openqa.selenium.NoSuchSessionException: Session ID is null. Using WebDriver after calling quit()?
Build info: version: '3.141.59', revision: 'e82be7d358', time: '2018-11-14T08:17:03'
System info: host: 'ATMECSINLT-038', ip: '55.55.52.193', os.name: 'Windows 10', os.arch: 'amd64', os.version: '10.0', java.version: '12.0.1'
Driver info: driver.version: RemoteWebDriver
at org.openqa.selenium.remote.HttpCommandExecutor.execute(HttpCommandExecutor.java:125)
at org.openqa.selenium.remote.service.DriverCommandExecutor.execute(DriverCommandExecutor.java:83)
at org.openqa.selenium.remote.RemoteWebDriver.execute(RemoteWebDriver.java:552)
at org.openqa.selenium.remote.RemoteWebDriver.perform(RemoteWebDriver.java:618)
at org.openqa.selenium.interactions.Actions$BuiltAction.perform(Actions.java:639)
at com.atmecs.helpers.WebUtility.scrollBySpacebar(WebUtility.java:329)
at com.atmecs.testflow.HomePageComputerPeripheralsFlow.selectPricing(HomePageComputerPeripheralsFlow.java:15)
at com.atmecs.testScripts.HomePageComputerPeripherals.validatePricingSortingFunctionality(HomePageComputerPeripherals.java:74)
at java.base/jdk.internal.reflect.NativeMethodAccessorImpl.invoke0(Native Method)
at java.base/jdk.internal.reflect.NativeMethodAccessorImpl.invoke(NativeMethodAccessorImpl.java:62)
at java.base/jdk.internal.reflect.DelegatingMethodAccessorImpl.invoke(DelegatingMethodAccessorImpl.java:43)
at java.base/java.lang.reflect.Method.invoke(Method.java:567)
at org.testng.internal.MethodInvocationHelper.invokeMethod(MethodInvocationHelper.java:124)
at org.testng.internal.Invoker.invokeMethod(Invoker.java:583)
at org.testng.internal.Invoker.invokeTestMethod(Invoker.java:719)
at org.testng.internal.Invoker.invokeTestMethods(Invoker.java:989)
at org.testng.internal.TestMethodWorker.invokeTestMethods(TestMethodWorker.java:125)
at org.testng.internal.TestMethodWorker.run(TestMethodWorker.java:109)
at org.testng.TestRunner.privateRun(TestRunner.java:648)
at org.testng.TestRunner.run(TestRunner.java:505)
at org.testng.SuiteRunner.runTest(SuiteRunner.java:455)
at org.testng.SuiteRunner.runSequentially(SuiteRunner.java:450)
at org.testng.SuiteRunner.privateRun(SuiteRunner.java:415)
at org.testng.SuiteRunner.run(SuiteRunner.java:364)
at org.testng.SuiteRunnerWorker.runSuite(SuiteRunnerWorker.java:52)
at org.testng.SuiteRunnerWorker.run(SuiteRunnerWorker.java:84)
at org.testng.TestNG.runSuitesSequentially(TestNG.java:1208)
at org.testng.TestNG.runSuitesLocally(TestNG.java:1137)
at org.testng.TestNG.runSuites(TestNG.java:1049)
at org.testng.TestNG.run(TestNG.java:1017)
at org.testng.remote.AbstractRemoteTestNG.run(AbstractRemoteTestNG.java:115)
at org.testng.remote.RemoteTestNG.initAndRun(RemoteTestNG.java:251)
at org.testng.remote.RemoteTestNG.main(RemoteTestNG.java:77)
]]>
            </full-stacktrace>
          </exception> <!-- org.openqa.selenium.NoSuchSessionException -->
          <reporter-output>
          </reporter-output>
        </test-method> <!-- validatePricingSortingFunctionality -->
        <test-method is-config="true" signature="tearDown(org.testng.ITestResult)[pri:0, instance:com.atmecs.testScripts.HomePageComputerPeripherals@229d10bd]" started-at="2019-10-07T15:08:43Z" name="tearDown" finished-at="2019-10-07T15:08:43Z" duration-ms="433" status="PASS">
          <params>
            <param index="0">
              <value>
                <![CDATA[[TestResult name=validatePricingSortingFunctionality status=FAILURE method=HomePageComputerPeripherals.validatePricingSortingFunctionality(java.lang.String)[pri:3, instance:com.atmecs.testScripts.HomePageComputerPeripherals@229d10bd] output={null}]]]>
              </value>
            </param>
          </params>
          <reporter-output>
          </reporter-output>
        </test-method> <!-- tearDown -->
        <test-method signature="validatePricingSortingFunctionality(java.lang.String)[pri:3, instance:com.atmecs.testScripts.HomePageComputerPeripherals@229d10bd]" started-at="2019-10-07T15:08:43Z" name="validatePricingSortingFunctionality" data-provider="pricing" finished-at="2019-10-07T15:08:45Z" duration-ms="1866" status="FAIL">
          <params>
            <param index="0">
              <value>
                <![CDATA[150]]>
              </value>
            </param>
          </params>
          <exception class="org.openqa.selenium.NoSuchSessionException">
            <message>
              <![CDATA[Session ID is null. Using WebDriver after calling quit()?
Build info: version: '3.141.59', revision: 'e82be7d358', time: '2018-11-14T08:17:03'
System info: host: 'ATMECSINLT-038', ip: '55.55.52.193', os.name: 'Windows 10', os.arch: 'amd64', os.version: '10.0', java.version: '12.0.1'
Driver info: driver.version: RemoteWebDriver]]>
            </message>
            <full-stacktrace>
              <![CDATA[org.openqa.selenium.NoSuchSessionException: Session ID is null. Using WebDriver after calling quit()?
Build info: version: '3.141.59', revision: 'e82be7d358', time: '2018-11-14T08:17:03'
System info: host: 'ATMECSINLT-038', ip: '55.55.52.193', os.name: 'Windows 10', os.arch: 'amd64', os.version: '10.0', java.version: '12.0.1'
Driver info: driver.version: RemoteWebDriver
at org.openqa.selenium.remote.HttpCommandExecutor.execute(HttpCommandExecutor.java:125)
at org.openqa.selenium.remote.service.DriverCommandExecutor.execute(DriverCommandExecutor.java:83)
at org.openqa.selenium.remote.RemoteWebDriver.execute(RemoteWebDriver.java:552)
at org.openqa.selenium.remote.RemoteWebDriver.perform(RemoteWebDriver.java:618)
at org.openqa.selenium.interactions.Actions$BuiltAction.perform(Actions.java:639)
at com.atmecs.helpers.WebUtility.scrollBySpacebar(WebUtility.java:329)
at com.atmecs.testflow.HomePageComputerPeripheralsFlow.selectPricing(HomePageComputerPeripheralsFlow.java:15)
at com.atmecs.testScripts.HomePageComputerPeripherals.validatePricingSortingFunctionality(HomePageComputerPeripherals.java:74)
at java.base/jdk.internal.reflect.NativeMethodAccessorImpl.invoke0(Native Method)
at java.base/jdk.internal.reflect.NativeMethodAccessorImpl.invoke(NativeMethodAccessorImpl.java:62)
at java.base/jdk.internal.reflect.DelegatingMethodAccessorImpl.invoke(DelegatingMethodAccessorImpl.java:43)
at java.base/java.lang.reflect.Method.invoke(Method.java:567)
at org.testng.internal.MethodInvocationHelper.invokeMethod(MethodInvocationHelper.java:124)
at org.testng.internal.Invoker.invokeMethod(Invoker.java:583)
at org.testng.internal.Invoker.invokeTestMethod(Invoker.java:719)
at org.testng.internal.Invoker.invokeTestMethods(Invoker.java:989)
at org.testng.internal.TestMethodWorker.invokeTestMethods(TestMethodWorker.java:125)
at org.testng.internal.TestMethodWorker.run(TestMethodWorker.java:109)
at org.testng.TestRunner.privateRun(TestRunner.java:648)
at org.testng.TestRunner.run(TestRunner.java:505)
at org.testng.SuiteRunner.runTest(SuiteRunner.java:455)
at org.testng.SuiteRunner.runSequentially(SuiteRunner.java:450)
at org.testng.SuiteRunner.privateRun(SuiteRunner.java:415)
at org.testng.SuiteRunner.run(SuiteRunner.java:364)
at org.testng.SuiteRunnerWorker.runSuite(SuiteRunnerWorker.java:52)
at org.testng.SuiteRunnerWorker.run(SuiteRunnerWorker.java:84)
at org.testng.TestNG.runSuitesSequentially(TestNG.java:1208)
at org.testng.TestNG.runSuitesLocally(TestNG.java:1137)
at org.testng.TestNG.runSuites(TestNG.java:1049)
at org.testng.TestNG.run(TestNG.java:1017)
at org.testng.remote.AbstractRemoteTestNG.run(AbstractRemoteTestNG.java:115)
at org.testng.remote.RemoteTestNG.initAndRun(RemoteTestNG.java:251)
at org.testng.remote.RemoteTestNG.main(RemoteTestNG.java:77)
]]>
            </full-stacktrace>
          </exception> <!-- org.openqa.selenium.NoSuchSessionException -->
          <reporter-output>
          </reporter-output>
        </test-method> <!-- validatePricingSortingFunctionality -->
        <test-method is-config="true" signature="tearDown(org.testng.ITestResult)[pri:0, instance:com.atmecs.testScripts.HomePageComputerPeripherals@229d10bd]" started-at="2019-10-07T15:08:45Z" name="tearDown" finished-at="2019-10-07T15:08:46Z" duration-ms="504" status="PASS">
          <params>
            <param index="0">
              <value>
                <![CDATA[[TestResult name=validatePricingSortingFunctionality status=FAILURE method=HomePageComputerPeripherals.validatePricingSortingFunctionality(java.lang.String)[pri:3, instance:com.atmecs.testScripts.HomePageComputerPeripherals@229d10bd] output={null}]]]>
              </value>
            </param>
          </params>
          <reporter-output>
          </reporter-output>
        </test-method> <!-- tearDown -->
        <test-method is-config="true" signature="print()[pri:0, instance:com.atmecs.testScripts.HomePageComputerPeripherals@229d10bd]" started-at="2019-10-07T15:08:46Z" name="print" finished-at="2019-10-07T15:08:46Z" duration-ms="800" status="PASS">
          <reporter-output>
          </reporter-output>
        </test-method> <!-- print -->
        <test-method is-config="true" signature="endReport()[pri:0, instance:com.atmecs.testScripts.HomePageComputerPeripherals@229d10bd]" started-at="2019-10-07T15:08:46Z" name="endReport" finished-at="2019-10-07T15:08:47Z" duration-ms="497" status="PASS">
          <reporter-output>
          </reporter-output>
        </test-method> <!-- endReport -->
      </class> <!-- com.atmecs.testScripts.HomePageComputerPeripherals -->
    </test> <!-- PricesortingFunctionalityTest -->
  </suite> <!-- Suite -->
</testng-results>
