<?xml version="1.0" encoding="UTF-8"?>
<testsuite xmlns:xsi="http://www.w3.org/2001/XMLSchema-instance" xsi:noNamespaceSchemaLocation="https://maven.apache.org/surefire/maven-surefire-plugin/xsd/surefire-test-report-3.0.xsd" version="3.0" name="TestSuite" time="78.902" tests="12" errors="0" skipped="0" failures="2">
  <properties>
[...]
</properties>
  <testcase name="homePageRedirection" classname="com.atmecs.testScripts.HomePagetestscripts" time="0.095"/>
  <testcase name="validateProductAvilability" classname="com.atmecs.testScripts.HomePagetestscripts" time="8.835">
    <failure message="Unable to locate element: //a[text()=&apos;Matrox G200 MMS&apos;]&#10;For documentation on this error, please visit: https://www.seleniumhq.org/exceptions/no_such_element.html&#10;Build info: version: &apos;3.141.59&apos;, revision: &apos;e82be7d358&apos;, time: &apos;2018-11-14T08:17:03&apos;&#10;System info: host: &apos;ATMECSINLT-038&apos;, ip: &apos;55.55.52.193&apos;, os.name: &apos;Windows 10&apos;, os.arch: &apos;amd64&apos;, os.version: &apos;10.0&apos;, java.version: &apos;11.0.4&apos;&#10;Driver info: org.openqa.selenium.firefox.FirefoxDriver&#10;Capabilities {acceptInsecureCerts: true, browserName: firefox, browserVersion: 69.0.1, javascriptEnabled: true, moz:accessibilityChecks: false, moz:buildID: 20190917135527, moz:geckodriverVersion: 0.24.0, moz:headless: false, moz:processID: 10564, moz:profile: C:\Users\saurabh.chauhan\Ap..., moz:shutdownTimeout: 60000, moz:useNonSpecCompliantPointerOrigin: false, moz:webdriverClick: true, pageLoadStrategy: normal, platform: WINDOWS, platformName: WINDOWS, platformVersion: 10.0, rotatable: false, setWindowRect: true, strictFileInteractability: false, timeouts: {implicit: 0, pageLoad: 300000, script: 30000}, unhandledPromptBehavior: dismiss and notify}&#10;Session ID: a30dca5a-3fda-4881-a723-36b2f53907c7&#10;*** Element info: {Using=xpath, value=//a[text()=&apos;Matrox G200 MMS&apos;]}" type="org.openqa.selenium.NoSuchElementException">org.openqa.selenium.NoSuchElementException: 
Unable to locate element: //a[text()='Matrox G200 MMS']
For documentation on this error, please visit: https://www.seleniumhq.org/exceptions/no_such_element.html
Build info: version: '3.141.59', revision: 'e82be7d358', time: '2018-11-14T08:17:03'
System info: host: 'ATMECSINLT-038', ip: '55.55.52.193', os.name: 'Windows 10', os.arch: 'amd64', os.version: '10.0', java.version: '11.0.4'
Driver info: org.openqa.selenium.firefox.FirefoxDriver
Capabilities {acceptInsecureCerts: true, browserName: firefox, browserVersion: 69.0.1, javascriptEnabled: true, moz:accessibilityChecks: false, moz:buildID: 20190917135527, moz:geckodriverVersion: 0.24.0, moz:headless: false, moz:processID: 10564, moz:profile: C:\Users\saurabh.chauhan\Ap..., moz:shutdownTimeout: 60000, moz:useNonSpecCompliantPointerOrigin: false, moz:webdriverClick: true, pageLoadStrategy: normal, platform: WINDOWS, platformName: WINDOWS, platformVersion: 10.0, rotatable: false, setWindowRect: true, strictFileInteractability: false, timeouts: {implicit: 0, pageLoad: 300000, script: 30000}, unhandledPromptBehavior: dismiss and notify}
Session ID: a30dca5a-3fda-4881-a723-36b2f53907c7
*** Element info: {Using=xpath, value=//a[text()='Matrox G200 MMS']}
	at com.atmecs.testScripts.HomePagetestscripts.validateProductAvilability(HomePagetestscripts.java:48)
</failure>
    <system-out><![CDATA[logger executed
4
3
//select[@id='top-cat-list']
]]></system-out>
  </testcase>
  <testcase name="validateProductAvilability" classname="com.atmecs.testScripts.HomePagetestscripts" time="8">
    <failure message="Unable to locate element: //a[text()=&apos;Matrox G200 MMS&apos;]&#10;For documentation on this error, please visit: https://www.seleniumhq.org/exceptions/no_such_element.html&#10;Build info: version: &apos;3.141.59&apos;, revision: &apos;e82be7d358&apos;, time: &apos;2018-11-14T08:17:03&apos;&#10;System info: host: &apos;ATMECSINLT-038&apos;, ip: &apos;55.55.52.193&apos;, os.name: &apos;Windows 10&apos;, os.arch: &apos;amd64&apos;, os.version: &apos;10.0&apos;, java.version: &apos;11.0.4&apos;&#10;Driver info: org.openqa.selenium.firefox.FirefoxDriver&#10;Capabilities {acceptInsecureCerts: true, browserName: firefox, browserVersion: 69.0.1, javascriptEnabled: true, moz:accessibilityChecks: false, moz:buildID: 20190917135527, moz:geckodriverVersion: 0.24.0, moz:headless: false, moz:processID: 10564, moz:profile: C:\Users\saurabh.chauhan\Ap..., moz:shutdownTimeout: 60000, moz:useNonSpecCompliantPointerOrigin: false, moz:webdriverClick: true, pageLoadStrategy: normal, platform: WINDOWS, platformName: WINDOWS, platformVersion: 10.0, rotatable: false, setWindowRect: true, strictFileInteractability: false, timeouts: {implicit: 0, pageLoad: 300000, script: 30000}, unhandledPromptBehavior: dismiss and notify}&#10;Session ID: a30dca5a-3fda-4881-a723-36b2f53907c7&#10;*** Element info: {Using=xpath, value=//a[text()=&apos;Matrox G200 MMS&apos;]}" type="org.openqa.selenium.NoSuchElementException">org.openqa.selenium.NoSuchElementException: 
Unable to locate element: //a[text()='Matrox G200 MMS']
For documentation on this error, please visit: https://www.seleniumhq.org/exceptions/no_such_element.html
Build info: version: '3.141.59', revision: 'e82be7d358', time: '2018-11-14T08:17:03'
System info: host: 'ATMECSINLT-038', ip: '55.55.52.193', os.name: 'Windows 10', os.arch: 'amd64', os.version: '10.0', java.version: '11.0.4'
Driver info: org.openqa.selenium.firefox.FirefoxDriver
Capabilities {acceptInsecureCerts: true, browserName: firefox, browserVersion: 69.0.1, javascriptEnabled: true, moz:accessibilityChecks: false, moz:buildID: 20190917135527, moz:geckodriverVersion: 0.24.0, moz:headless: false, moz:processID: 10564, moz:profile: C:\Users\saurabh.chauhan\Ap..., moz:shutdownTimeout: 60000, moz:useNonSpecCompliantPointerOrigin: false, moz:webdriverClick: true, pageLoadStrategy: normal, platform: WINDOWS, platformName: WINDOWS, platformVersion: 10.0, rotatable: false, setWindowRect: true, strictFileInteractability: false, timeouts: {implicit: 0, pageLoad: 300000, script: 30000}, unhandledPromptBehavior: dismiss and notify}
Session ID: a30dca5a-3fda-4881-a723-36b2f53907c7
*** Element info: {Using=xpath, value=//a[text()='Matrox G200 MMS']}
	at com.atmecs.testScripts.HomePagetestscripts.validateProductAvilability(HomePagetestscripts.java:48)
</failure>
    <system-out><![CDATA[logger executed
//select[@id='top-cat-list']
]]></system-out>
  </testcase>
  <testcase name="validateProductAvilability" classname="com.atmecs.testScripts.HomePagetestscripts" time="3.293"/>
  <testcase name="validateProductAvilability" classname="com.atmecs.testScripts.HomePagetestscripts" time="1.989"/>
  <testcase name="validateErrorMessage" classname="com.atmecs.testScripts.HomePagetestscripts" time="1.591"/>
  <testcase name="validateErrorMessage" classname="com.atmecs.testScripts.HomePagetestscripts" time="1.736"/>
  <testcase name="homePageRedirection" classname="com.atmecs.testScripts.HeroImageProducttestscripts" time="0.039"/>
  <testcase name="validateContents" classname="com.atmecs.testScripts.HeroImageProducttestscripts" time="5.506"/>
  <testcase name="validateSortingFunctionality" classname="com.atmecs.testScripts.HeroImageProducttestscripts" time="0.291"/>
  <testcase name="validateSortingByDate" classname="com.atmecs.testScripts.HeroImageProducttestscripts" time="3.795"/>
  <testcase name="validateSortingByRating" classname="com.atmecs.testScripts.HeroImageProducttestscripts" time="5.277"/>
</testsuite>