<?xml version="1.0" encoding="UTF-8"?>
<!-- Generated by org.testng.reporters.JUnitXMLReporter -->
<testsuite ignored="0" hostname="ATMECSINLT-038" failures="0" tests="5" name="Default test" time="66.676" errors="0" timestamp="07 Oct 2019 15:01:49 GMT">
  <testcase classname="com.atmecs.testScripts.HomePageComputerPeripherals" name="validatePricingSortingFunctionality" time="10.345"/>
  <testcase classname="com.atmecs.testScripts.HomePageComputerPeripherals" name="validatePricingSortingFunctionality" time="7.773"/>
  <testcase classname="com.atmecs.testScripts.HomePageComputerPeripherals" name="validatePricingSortingFunctionality" time="7.098"/>
  <testcase classname="com.atmecs.testScripts.HomePageComputerPeripherals" name="validatePricingSortingFunctionality" time="8.11"/>
  <testcase classname="com.atmecs.testScripts.HomePageComputerPeripherals" name="validatePricingSortingFunctionality" time="14.546"/>
</testsuite> <!-- Default test -->
